[2m2023-10-17 18:11:52.626[0;39m [31mERROR[0;39m [35m3648[0;39m [2m---[0;39m [2m[  XNIO-1 task-1][0;39m [36mc.p.p.c.f.s.h.GlobalBizExceptionHandler [0;39m [2m:[0;39m 全局异常信息 ex=null

java.lang.reflect.UndeclaredThrowableException: null
	at com.sun.proxy.$Proxy141.insert(Unknown Source) ~[na:na]
	at com.example.termproject.service.impl.BookServiceImpl.localSave(BookServiceImpl.java:68) ~[classes/:na]
	at com.example.termproject.controller.BookController.save(BookController.java:56) ~[classes/:na]
	at com.example.termproject.controller.BookController$$FastClassBySpringCGLIB$$43e36765.invoke(<generated>) ~[classes/:na]
	at org.springframework.cglib.proxy.MethodProxy.invoke(MethodProxy.java:218) ~[spring-core-5.3.30.jar:5.3.30]
	at org.springframework.aop.framework.CglibAopProxy$CglibMethodInvocation.invokeJoinpoint(CglibAopProxy.java:792) ~[spring-aop-5.3.30.jar:5.3.30]
	at org.springframework.aop.framework.ReflectiveMethodInvocation.proceed(ReflectiveMethodInvocation.java:163) ~[spring-aop-5.3.30.jar:5.3.30]
	at org.springframework.aop.framework.CglibAopProxy$CglibMethodInvocation.proceed(CglibAopProxy.java:762) ~[spring-aop-5.3.30.jar:5.3.30]
	at org.springframework.aop.aspectj.MethodInvocationProceedingJoinPoint.proceed(MethodInvocationProceedingJoinPoint.java:89) ~[spring-aop-5.3.30.jar:5.3.30]
	at com.pig4cloud.pig.common.log.aspect.SysLogAspect.around(SysLogAspect.java:78) ~[pig-common-log-3.7.1-JDK8.jar:na]
	at sun.reflect.NativeMethodAccessorImpl.invoke0(Native Method) ~[na:1.8.0_73]
	at sun.reflect.NativeMethodAccessorImpl.invoke(NativeMethodAccessorImpl.java:62) ~[na:1.8.0_73]
	at sun.reflect.DelegatingMethodAccessorImpl.invoke(DelegatingMethodAccessorImpl.java:43) ~[na:1.8.0_73]
	at java.lang.reflect.Method.invoke(Method.java:497) ~[na:1.8.0_73]
	at org.springframework.aop.aspectj.AbstractAspectJAdvice.invokeAdviceMethodWithGivenArgs(AbstractAspectJAdvice.java:634) ~[spring-aop-5.3.30.jar:5.3.30]
	at org.springframework.aop.aspectj.AbstractAspectJAdvice.invokeAdviceMethod(AbstractAspectJAdvice.java:624) ~[spring-aop-5.3.30.jar:5.3.30]
	at org.springframework.aop.aspectj.AspectJAroundAdvice.invoke(AspectJAroundAdvice.java:72) ~[spring-aop-5.3.30.jar:5.3.30]
	at org.springframework.aop.framework.ReflectiveMethodInvocation.proceed(ReflectiveMethodInvocation.java:175) ~[spring-aop-5.3.30.jar:5.3.30]
	at org.springframework.aop.framework.CglibAopProxy$CglibMethodInvocation.proceed(CglibAopProxy.java:762) ~[spring-aop-5.3.30.jar:5.3.30]
	at org.springframework.aop.interceptor.ExposeInvocationInterceptor.invoke(ExposeInvocationInterceptor.java:97) ~[spring-aop-5.3.30.jar:5.3.30]
	at org.springframework.aop.framework.ReflectiveMethodInvocation.proceed(ReflectiveMethodInvocation.java:186) ~[spring-aop-5.3.30.jar:5.3.30]
	at org.springframework.aop.framework.CglibAopProxy$CglibMethodInvocation.proceed(CglibAopProxy.java:762) ~[spring-aop-5.3.30.jar:5.3.30]
	at org.springframework.aop.framework.CglibAopProxy$DynamicAdvisedInterceptor.intercept(CglibAopProxy.java:707) ~[spring-aop-5.3.30.jar:5.3.30]
	at com.example.termproject.controller.BookController$$EnhancerBySpringCGLIB$$6a5f4583.save(<generated>) ~[classes/:na]
	at sun.reflect.NativeMethodAccessorImpl.invoke0(Native Method) ~[na:1.8.0_73]
	at sun.reflect.NativeMethodAccessorImpl.invoke(NativeMethodAccessorImpl.java:62) ~[na:1.8.0_73]
	at sun.reflect.DelegatingMethodAccessorImpl.invoke(DelegatingMethodAccessorImpl.java:43) ~[na:1.8.0_73]
	at java.lang.reflect.Method.invoke(Method.java:497) ~[na:1.8.0_73]
	at org.springframework.web.method.support.InvocableHandlerMethod.doInvoke(InvocableHandlerMethod.java:205) ~[spring-web-5.3.30.jar:5.3.30]
	at org.springframework.web.method.support.InvocableHandlerMethod.invokeForRequest(InvocableHandlerMethod.java:150) ~[spring-web-5.3.30.jar:5.3.30]
	at org.springframework.web.servlet.mvc.method.annotation.ServletInvocableHandlerMethod.invokeAndHandle(ServletInvocableHandlerMethod.java:117) ~[spring-webmvc-5.3.30.jar:5.3.30]
	at org.springframework.web.servlet.mvc.method.annotation.RequestMappingHandlerAdapter.invokeHandlerMethod(RequestMappingHandlerAdapter.java:895) ~[spring-webmvc-5.3.30.jar:5.3.30]
	at org.springframework.web.servlet.mvc.method.annotation.RequestMappingHandlerAdapter.handleInternal(RequestMappingHandlerAdapter.java:808) ~[spring-webmvc-5.3.30.jar:5.3.30]
	at org.springframework.web.servlet.mvc.method.AbstractHandlerMethodAdapter.handle(AbstractHandlerMethodAdapter.java:87) ~[spring-webmvc-5.3.30.jar:5.3.30]
	at org.springframework.web.servlet.DispatcherServlet.doDispatch(DispatcherServlet.java:1072) ~[spring-webmvc-5.3.30.jar:5.3.30]
	at org.springframework.web.servlet.DispatcherServlet.doService(DispatcherServlet.java:965) ~[spring-webmvc-5.3.30.jar:5.3.30]
	at org.springframework.web.servlet.FrameworkServlet.processRequest(FrameworkServlet.java:1006) [spring-webmvc-5.3.30.jar:5.3.30]
	at org.springframework.web.servlet.FrameworkServlet.doPost(FrameworkServlet.java:909) [spring-webmvc-5.3.30.jar:5.3.30]
	at javax.servlet.http.HttpServlet.service(HttpServlet.java:665) [javax.servlet-api-4.0.1.jar:4.0.1]
	at org.springframework.web.servlet.FrameworkServlet.service(FrameworkServlet.java:883) [spring-webmvc-5.3.30.jar:5.3.30]
	at javax.servlet.http.HttpServlet.service(HttpServlet.java:750) [javax.servlet-api-4.0.1.jar:4.0.1]
	at io.undertow.servlet.handlers.ServletHandler.handleRequest(ServletHandler.java:74) [undertow-servlet-2.2.26.Final.jar:2.2.26.Final]
	at io.undertow.servlet.handlers.FilterHandler$FilterChainImpl.doFilter(FilterHandler.java:129) [undertow-servlet-2.2.26.Final.jar:2.2.26.Final]
	at org.springframework.security.web.FilterChainProxy$VirtualFilterChain.doFilter(FilterChainProxy.java:337) [spring-security-web-5.7.11.jar:5.7.11]
	at org.springframework.security.web.access.intercept.FilterSecurityInterceptor.invoke(FilterSecurityInterceptor.java:115) [spring-security-web-5.7.11.jar:5.7.11]
	at org.springframework.security.web.access.intercept.FilterSecurityInterceptor.doFilter(FilterSecurityInterceptor.java:81) [spring-security-web-5.7.11.jar:5.7.11]
	at org.springframework.security.web.FilterChainProxy$VirtualFilterChain.doFilter(FilterChainProxy.java:346) [spring-security-web-5.7.11.jar:5.7.11]
	at org.springframework.security.web.access.ExceptionTranslationFilter.doFilter(ExceptionTranslationFilter.java:122) [spring-security-web-5.7.11.jar:5.7.11]
	at org.springframework.security.web.access.ExceptionTranslationFilter.doFilter(ExceptionTranslationFilter.java:116) [spring-security-web-5.7.11.jar:5.7.11]
	at org.springframework.security.web.FilterChainProxy$VirtualFilterChain.doFilter(FilterChainProxy.java:346) [spring-security-web-5.7.11.jar:5.7.11]
	at org.springframework.security.web.session.SessionManagementFilter.doFilter(SessionManagementFilter.java:126) [spring-security-web-5.7.11.jar:5.7.11]
	at org.springframework.security.web.session.SessionManagementFilter.doFilter(SessionManagementFilter.java:81) [spring-security-web-5.7.11.jar:5.7.11]
	at org.springframework.security.web.FilterChainProxy$VirtualFilterChain.doFilter(FilterChainProxy.java:346) [spring-security-web-5.7.11.jar:5.7.11]
	at org.springframework.security.web.authentication.AnonymousAuthenticationFilter.doFilter(AnonymousAuthenticationFilter.java:109) [spring-security-web-5.7.11.jar:5.7.11]
	at org.springframework.security.web.FilterChainProxy$VirtualFilterChain.doFilter(FilterChainProxy.java:346) [spring-security-web-5.7.11.jar:5.7.11]
	at org.springframework.security.web.servletapi.SecurityContextHolderAwareRequestFilter.doFilter(SecurityContextHolderAwareRequestFilter.java:149) [spring-security-web-5.7.11.jar:5.7.11]
	at org.springframework.security.web.FilterChainProxy$VirtualFilterChain.doFilter(FilterChainProxy.java:346) [spring-security-web-5.7.11.jar:5.7.11]
	at org.springframework.security.web.savedrequest.RequestCacheAwareFilter.doFilter(RequestCacheAwareFilter.java:63) [spring-security-web-5.7.11.jar:5.7.11]
	at org.springframework.security.web.FilterChainProxy$VirtualFilterChain.doFilter(FilterChainProxy.java:346) [spring-security-web-5.7.11.jar:5.7.11]
	at org.springframework.security.oauth2.server.resource.web.BearerTokenAuthenticationFilter.doFilterInternal(BearerTokenAuthenticationFilter.java:142) [spring-security-oauth2-resource-server-5.7.11.jar:5.7.11]
	at org.springframework.web.filter.OncePerRequestFilter.doFilter(OncePerRequestFilter.java:117) [spring-web-5.3.30.jar:5.3.30]
	at org.springframework.security.web.FilterChainProxy$VirtualFilterChain.doFilter(FilterChainProxy.java:346) [spring-security-web-5.7.11.jar:5.7.11]
	at org.springframework.security.web.authentication.logout.LogoutFilter.doFilter(LogoutFilter.java:103) [spring-security-web-5.7.11.jar:5.7.11]
	at org.springframework.security.web.authentication.logout.LogoutFilter.doFilter(LogoutFilter.java:89) [spring-security-web-5.7.11.jar:5.7.11]
	at org.springframework.security.web.FilterChainProxy$VirtualFilterChain.doFilter(FilterChainProxy.java:346) [spring-security-web-5.7.11.jar:5.7.11]
	at org.springframework.security.web.header.HeaderWriterFilter.doHeadersAfter(HeaderWriterFilter.java:90) [spring-security-web-5.7.11.jar:5.7.11]
	at org.springframework.security.web.header.HeaderWriterFilter.doFilterInternal(HeaderWriterFilter.java:75) [spring-security-web-5.7.11.jar:5.7.11]
	at org.springframework.web.filter.OncePerRequestFilter.doFilter(OncePerRequestFilter.java:117) [spring-web-5.3.30.jar:5.3.30]
	at org.springframework.security.web.FilterChainProxy$VirtualFilterChain.doFilter(FilterChainProxy.java:346) [spring-security-web-5.7.11.jar:5.7.11]
	at org.springframework.security.web.context.SecurityContextPersistenceFilter.doFilter(SecurityContextPersistenceFilter.java:112) [spring-security-web-5.7.11.jar:5.7.11]
	at org.springframework.security.web.context.SecurityContextPersistenceFilter.doFilter(SecurityContextPersistenceFilter.java:82) [spring-security-web-5.7.11.jar:5.7.11]
	at org.springframework.security.web.FilterChainProxy$VirtualFilterChain.doFilter(FilterChainProxy.java:346) [spring-security-web-5.7.11.jar:5.7.11]
	at org.springframework.security.web.context.request.async.WebAsyncManagerIntegrationFilter.doFilterInternal(WebAsyncManagerIntegrationFilter.java:55) [spring-security-web-5.7.11.jar:5.7.11]
	at org.springframework.web.filter.OncePerRequestFilter.doFilter(OncePerRequestFilter.java:117) [spring-web-5.3.30.jar:5.3.30]
	at org.springframework.security.web.FilterChainProxy$VirtualFilterChain.doFilter(FilterChainProxy.java:346) [spring-security-web-5.7.11.jar:5.7.11]
	at org.springframework.security.web.session.DisableEncodeUrlFilter.doFilterInternal(DisableEncodeUrlFilter.java:42) [spring-security-web-5.7.11.jar:5.7.11]
	at org.springframework.web.filter.OncePerRequestFilter.doFilter(OncePerRequestFilter.java:117) [spring-web-5.3.30.jar:5.3.30]
	at org.springframework.security.web.FilterChainProxy$VirtualFilterChain.doFilter(FilterChainProxy.java:346) [spring-security-web-5.7.11.jar:5.7.11]
	at org.springframework.security.web.FilterChainProxy.doFilterInternal(FilterChainProxy.java:221) [spring-security-web-5.7.11.jar:5.7.11]
	at org.springframework.security.web.FilterChainProxy.doFilter(FilterChainProxy.java:186) [spring-security-web-5.7.11.jar:5.7.11]
	at org.springframework.web.filter.DelegatingFilterProxy.invokeDelegate(DelegatingFilterProxy.java:354) [spring-web-5.3.30.jar:5.3.30]
	at org.springframework.web.filter.DelegatingFilterProxy.doFilter(DelegatingFilterProxy.java:267) [spring-web-5.3.30.jar:5.3.30]
	at io.undertow.servlet.core.ManagedFilter.doFilter(ManagedFilter.java:67) [undertow-servlet-2.2.26.Final.jar:2.2.26.Final]
	at io.undertow.servlet.handlers.FilterHandler$FilterChainImpl.doFilter(FilterHandler.java:131) [undertow-servlet-2.2.26.Final.jar:2.2.26.Final]
	at org.springframework.web.filter.RequestContextFilter.doFilterInternal(RequestContextFilter.java:100) [spring-web-5.3.30.jar:5.3.30]
	at org.springframework.web.filter.OncePerRequestFilter.doFilter(OncePerRequestFilter.java:117) [spring-web-5.3.30.jar:5.3.30]
	at io.undertow.servlet.core.ManagedFilter.doFilter(ManagedFilter.java:67) [undertow-servlet-2.2.26.Final.jar:2.2.26.Final]
	at io.undertow.servlet.handlers.FilterHandler$FilterChainImpl.doFilter(FilterHandler.java:131) [undertow-servlet-2.2.26.Final.jar:2.2.26.Final]
	at org.springframework.web.filter.FormContentFilter.doFilterInternal(FormContentFilter.java:93) [spring-web-5.3.30.jar:5.3.30]
	at org.springframework.web.filter.OncePerRequestFilter.doFilter(OncePerRequestFilter.java:117) [spring-web-5.3.30.jar:5.3.30]
	at io.undertow.servlet.core.ManagedFilter.doFilter(ManagedFilter.java:67) [undertow-servlet-2.2.26.Final.jar:2.2.26.Final]
	at io.undertow.servlet.handlers.FilterHandler$FilterChainImpl.doFilter(FilterHandler.java:131) [undertow-servlet-2.2.26.Final.jar:2.2.26.Final]
	at org.springframework.boot.actuate.metrics.web.servlet.WebMvcMetricsFilter.doFilterInternal(WebMvcMetricsFilter.java:96) [spring-boot-actuator-2.7.16.jar:2.7.16]
	at org.springframework.web.filter.OncePerRequestFilter.doFilter(OncePerRequestFilter.java:117) [spring-web-5.3.30.jar:5.3.30]
	at io.undertow.servlet.core.ManagedFilter.doFilter(ManagedFilter.java:67) [undertow-servlet-2.2.26.Final.jar:2.2.26.Final]
	at io.undertow.servlet.handlers.FilterHandler$FilterChainImpl.doFilter(FilterHandler.java:131) [undertow-servlet-2.2.26.Final.jar:2.2.26.Final]
	at org.springframework.web.filter.CharacterEncodingFilter.doFilterInternal(CharacterEncodingFilter.java:201) [spring-web-5.3.30.jar:5.3.30]
	at org.springframework.web.filter.OncePerRequestFilter.doFilter(OncePerRequestFilter.java:117) [spring-web-5.3.30.jar:5.3.30]
	at io.undertow.servlet.core.ManagedFilter.doFilter(ManagedFilter.java:67) [undertow-servlet-2.2.26.Final.jar:2.2.26.Final]
	at io.undertow.servlet.handlers.FilterHandler$FilterChainImpl.doFilter(FilterHandler.java:131) [undertow-servlet-2.2.26.Final.jar:2.2.26.Final]
	at io.undertow.servlet.handlers.FilterHandler.handleRequest(FilterHandler.java:84) [undertow-servlet-2.2.26.Final.jar:2.2.26.Final]
	at io.undertow.servlet.handlers.security.ServletSecurityRoleHandler.handleRequest(ServletSecurityRoleHandler.java:62) [undertow-servlet-2.2.26.Final.jar:2.2.26.Final]
	at io.undertow.servlet.handlers.ServletChain$1.handleRequest(ServletChain.java:68) [undertow-servlet-2.2.26.Final.jar:2.2.26.Final]
	at io.undertow.servlet.handlers.ServletDispatchingHandler.handleRequest(ServletDispatchingHandler.java:36) [undertow-servlet-2.2.26.Final.jar:2.2.26.Final]
	at io.undertow.servlet.handlers.RedirectDirHandler.handleRequest(RedirectDirHandler.java:68) [undertow-servlet-2.2.26.Final.jar:2.2.26.Final]
	at io.undertow.servlet.handlers.security.SSLInformationAssociationHandler.handleRequest(SSLInformationAssociationHandler.java:117) [undertow-servlet-2.2.26.Final.jar:2.2.26.Final]
	at io.undertow.servlet.handlers.security.ServletAuthenticationCallHandler.handleRequest(ServletAuthenticationCallHandler.java:57) [undertow-servlet-2.2.26.Final.jar:2.2.26.Final]
	at io.undertow.server.handlers.PredicateHandler.handleRequest(PredicateHandler.java:43) [undertow-core-2.2.26.Final.jar:2.2.26.Final]
	at io.undertow.security.handlers.AbstractConfidentialityHandler.handleRequest(AbstractConfidentialityHandler.java:46) [undertow-core-2.2.26.Final.jar:2.2.26.Final]
	at io.undertow.servlet.handlers.security.ServletConfidentialityConstraintHandler.handleRequest(ServletConfidentialityConstraintHandler.java:64) [undertow-servlet-2.2.26.Final.jar:2.2.26.Final]
	at io.undertow.security.handlers.AuthenticationMechanismsHandler.handleRequest(AuthenticationMechanismsHandler.java:60) [undertow-core-2.2.26.Final.jar:2.2.26.Final]
	at io.undertow.servlet.handlers.security.CachedAuthenticatedSessionHandler.handleRequest(CachedAuthenticatedSessionHandler.java:77) [undertow-servlet-2.2.26.Final.jar:2.2.26.Final]
	at io.undertow.security.handlers.AbstractSecurityContextAssociationHandler.handleRequest(AbstractSecurityContextAssociationHandler.java:43) [undertow-core-2.2.26.Final.jar:2.2.26.Final]
	at io.undertow.server.handlers.PredicateHandler.handleRequest(PredicateHandler.java:43) [undertow-core-2.2.26.Final.jar:2.2.26.Final]
	at io.undertow.servlet.handlers.SendErrorPageHandler.handleRequest(SendErrorPageHandler.java:52) [undertow-servlet-2.2.26.Final.jar:2.2.26.Final]
	at io.undertow.server.handlers.PredicateHandler.handleRequest(PredicateHandler.java:43) [undertow-core-2.2.26.Final.jar:2.2.26.Final]
	at io.undertow.servlet.handlers.ServletInitialHandler.handleFirstRequest(ServletInitialHandler.java:275) [undertow-servlet-2.2.26.Final.jar:2.2.26.Final]
	at io.undertow.servlet.handlers.ServletInitialHandler.access$100(ServletInitialHandler.java:79) [undertow-servlet-2.2.26.Final.jar:2.2.26.Final]
	at io.undertow.servlet.handlers.ServletInitialHandler$2.call(ServletInitialHandler.java:134) [undertow-servlet-2.2.26.Final.jar:2.2.26.Final]
	at io.undertow.servlet.handlers.ServletInitialHandler$2.call(ServletInitialHandler.java:131) [undertow-servlet-2.2.26.Final.jar:2.2.26.Final]
	at io.undertow.servlet.core.ServletRequestContextThreadSetupAction$1.call(ServletRequestContextThreadSetupAction.java:48) [undertow-servlet-2.2.26.Final.jar:2.2.26.Final]
	at io.undertow.servlet.core.ContextClassLoaderSetupAction$1.call(ContextClassLoaderSetupAction.java:43) [undertow-servlet-2.2.26.Final.jar:2.2.26.Final]
	at io.undertow.servlet.handlers.ServletInitialHandler.dispatchRequest(ServletInitialHandler.java:255) [undertow-servlet-2.2.26.Final.jar:2.2.26.Final]
	at io.undertow.servlet.handlers.ServletInitialHandler.access$000(ServletInitialHandler.java:79) [undertow-servlet-2.2.26.Final.jar:2.2.26.Final]
	at io.undertow.servlet.handlers.ServletInitialHandler$1.handleRequest(ServletInitialHandler.java:100) [undertow-servlet-2.2.26.Final.jar:2.2.26.Final]
	at io.undertow.server.Connectors.executeRootHandler(Connectors.java:393) [undertow-core-2.2.26.Final.jar:2.2.26.Final]
	at io.undertow.server.HttpServerExchange$1.run(HttpServerExchange.java:852) [undertow-core-2.2.26.Final.jar:2.2.26.Final]
	at org.jboss.threads.ContextClassLoaderSavingRunnable.run(ContextClassLoaderSavingRunnable.java:35) [jboss-threads-3.1.0.Final.jar:3.1.0.Final]
	at org.jboss.threads.EnhancedQueueExecutor.safeRun(EnhancedQueueExecutor.java:2019) [jboss-threads-3.1.0.Final.jar:3.1.0.Final]
	at org.jboss.threads.EnhancedQueueExecutor$ThreadBody.doRunTask(EnhancedQueueExecutor.java:1558) [jboss-threads-3.1.0.Final.jar:3.1.0.Final]
	at org.jboss.threads.EnhancedQueueExecutor$ThreadBody.run(EnhancedQueueExecutor.java:1423) [jboss-threads-3.1.0.Final.jar:3.1.0.Final]
	at org.xnio.XnioWorker$WorkerThreadFactory$1$1.run(XnioWorker.java:1282) [xnio-api-3.8.7.Final.jar:3.8.7.Final]
	at java.lang.Thread.run(Thread.java:745) [na:1.8.0_73]
Caused by: java.lang.reflect.InvocationTargetException: null
	at sun.reflect.NativeMethodAccessorImpl.invoke0(Native Method) ~[na:1.8.0_73]
	at sun.reflect.NativeMethodAccessorImpl.invoke(NativeMethodAccessorImpl.java:62) ~[na:1.8.0_73]
	at sun.reflect.DelegatingMethodAccessorImpl.invoke(DelegatingMethodAccessorImpl.java:43) ~[na:1.8.0_73]
	at java.lang.reflect.Method.invoke(Method.java:497) ~[na:1.8.0_73]
	at org.dromara.easyes.core.proxy.EsMapperProxy.invoke(EsMapperProxy.java:28) ~[easy-es-core-2.0.0-beta4.jar:2.0.0-beta4]
	... 133 common frames omitted
Caused by: org.dromara.easyes.common.exception.EasyEsException: the entity id must not be null
	at org.dromara.easyes.common.utils.ExceptionUtils.eee(ExceptionUtils.java:39) ~[easy-es-common-2.0.0-beta4.jar:2.0.0-beta4]
	at org.dromara.easyes.core.core.BaseEsMapperImpl.lambda$getIdValue$37(BaseEsMapperImpl.java:1441) ~[easy-es-core-2.0.0-beta4.jar:2.0.0-beta4]
	at java.util.Optional.orElseThrow(Optional.java:290) ~[na:1.8.0_73]
	at org.dromara.easyes.core.core.BaseEsMapperImpl.getIdValue(BaseEsMapperImpl.java:1441) ~[easy-es-core-2.0.0-beta4.jar:2.0.0-beta4]
	at org.dromara.easyes.core.core.BaseEsMapperImpl.buildIndexRequest(BaseEsMapperImpl.java:964) ~[easy-es-core-2.0.0-beta4.jar:2.0.0-beta4]
	at org.dromara.easyes.core.core.BaseEsMapperImpl.doInsert(BaseEsMapperImpl.java:610) ~[easy-es-core-2.0.0-beta4.jar:2.0.0-beta4]
	at org.dromara.easyes.core.core.BaseEsMapperImpl.lambda$insert$8(BaseEsMapperImpl.java:341) ~[easy-es-core-2.0.0-beta4.jar:2.0.0-beta4]
	at java.util.stream.ReferencePipeline$4$1.accept(ReferencePipeline.java:210) ~[na:1.8.0_73]
	at java.util.Spliterators$ArraySpliterator.forEachRemaining(Spliterators.java:948) ~[na:1.8.0_73]
	at java.util.stream.AbstractPipeline.copyInto(AbstractPipeline.java:481) ~[na:1.8.0_73]
	at java.util.stream.AbstractPipeline.wrapAndCopyInto(AbstractPipeline.java:471) ~[na:1.8.0_73]
	at java.util.stream.ReduceOps$ReduceOp.evaluateSequential(ReduceOps.java:708) ~[na:1.8.0_73]
	at java.util.stream.AbstractPipeline.evaluate(AbstractPipeline.java:234) ~[na:1.8.0_73]
	at java.util.stream.IntPipeline.reduce(IntPipeline.java:456) ~[na:1.8.0_73]
	at java.util.stream.IntPipeline.sum(IntPipeline.java:414) ~[na:1.8.0_73]
	at org.dromara.easyes.core.core.BaseEsMapperImpl.insert(BaseEsMapperImpl.java:342) ~[easy-es-core-2.0.0-beta4.jar:2.0.0-beta4]
	at org.dromara.easyes.core.core.BaseEsMapperImpl.insert(BaseEsMapperImpl.java:332) ~[easy-es-core-2.0.0-beta4.jar:2.0.0-beta4]
	... 138 common frames omitted

[2m2023-10-17 18:39:15.088[0;39m [31mERROR[0;39m [35m2940[0;39m [2m---[0;39m [2m[  XNIO-1 task-1][0;39m [36mc.p.p.c.f.s.h.GlobalBizExceptionHandler [0;39m [2m:[0;39m 全局异常信息 ex=null

java.lang.reflect.UndeclaredThrowableException: null
	at com.sun.proxy.$Proxy141.updateById(Unknown Source) ~[na:na]
	at com.example.termproject.service.impl.BookServiceImpl.localUpdateById(BookServiceImpl.java:75) ~[classes/:na]
	at com.example.termproject.controller.BookController.updateById(BookController.java:69) ~[classes/:na]
	at com.example.termproject.controller.BookController$$FastClassBySpringCGLIB$$43e36765.invoke(<generated>) ~[classes/:na]
	at org.springframework.cglib.proxy.MethodProxy.invoke(MethodProxy.java:218) ~[spring-core-5.3.30.jar:5.3.30]
	at org.springframework.aop.framework.CglibAopProxy$CglibMethodInvocation.invokeJoinpoint(CglibAopProxy.java:792) ~[spring-aop-5.3.30.jar:5.3.30]
	at org.springframework.aop.framework.ReflectiveMethodInvocation.proceed(ReflectiveMethodInvocation.java:163) ~[spring-aop-5.3.30.jar:5.3.30]
	at org.springframework.aop.framework.CglibAopProxy$CglibMethodInvocation.proceed(CglibAopProxy.java:762) ~[spring-aop-5.3.30.jar:5.3.30]
	at org.springframework.aop.aspectj.MethodInvocationProceedingJoinPoint.proceed(MethodInvocationProceedingJoinPoint.java:89) ~[spring-aop-5.3.30.jar:5.3.30]
	at com.pig4cloud.pig.common.log.aspect.SysLogAspect.around(SysLogAspect.java:78) ~[pig-common-log-3.7.1-JDK8.jar:na]
	at sun.reflect.NativeMethodAccessorImpl.invoke0(Native Method) ~[na:1.8.0_73]
	at sun.reflect.NativeMethodAccessorImpl.invoke(NativeMethodAccessorImpl.java:62) ~[na:1.8.0_73]
	at sun.reflect.DelegatingMethodAccessorImpl.invoke(DelegatingMethodAccessorImpl.java:43) ~[na:1.8.0_73]
	at java.lang.reflect.Method.invoke(Method.java:497) ~[na:1.8.0_73]
	at org.springframework.aop.aspectj.AbstractAspectJAdvice.invokeAdviceMethodWithGivenArgs(AbstractAspectJAdvice.java:634) ~[spring-aop-5.3.30.jar:5.3.30]
	at org.springframework.aop.aspectj.AbstractAspectJAdvice.invokeAdviceMethod(AbstractAspectJAdvice.java:624) ~[spring-aop-5.3.30.jar:5.3.30]
	at org.springframework.aop.aspectj.AspectJAroundAdvice.invoke(AspectJAroundAdvice.java:72) ~[spring-aop-5.3.30.jar:5.3.30]
	at org.springframework.aop.framework.ReflectiveMethodInvocation.proceed(ReflectiveMethodInvocation.java:175) ~[spring-aop-5.3.30.jar:5.3.30]
	at org.springframework.aop.framework.CglibAopProxy$CglibMethodInvocation.proceed(CglibAopProxy.java:762) ~[spring-aop-5.3.30.jar:5.3.30]
	at org.springframework.aop.interceptor.ExposeInvocationInterceptor.invoke(ExposeInvocationInterceptor.java:97) ~[spring-aop-5.3.30.jar:5.3.30]
	at org.springframework.aop.framework.ReflectiveMethodInvocation.proceed(ReflectiveMethodInvocation.java:186) ~[spring-aop-5.3.30.jar:5.3.30]
	at org.springframework.aop.framework.CglibAopProxy$CglibMethodInvocation.proceed(CglibAopProxy.java:762) ~[spring-aop-5.3.30.jar:5.3.30]
	at org.springframework.aop.framework.CglibAopProxy$DynamicAdvisedInterceptor.intercept(CglibAopProxy.java:707) ~[spring-aop-5.3.30.jar:5.3.30]
	at com.example.termproject.controller.BookController$$EnhancerBySpringCGLIB$$4370cc60.updateById(<generated>) ~[classes/:na]
	at sun.reflect.NativeMethodAccessorImpl.invoke0(Native Method) ~[na:1.8.0_73]
	at sun.reflect.NativeMethodAccessorImpl.invoke(NativeMethodAccessorImpl.java:62) ~[na:1.8.0_73]
	at sun.reflect.DelegatingMethodAccessorImpl.invoke(DelegatingMethodAccessorImpl.java:43) ~[na:1.8.0_73]
	at java.lang.reflect.Method.invoke(Method.java:497) ~[na:1.8.0_73]
	at org.springframework.web.method.support.InvocableHandlerMethod.doInvoke(InvocableHandlerMethod.java:205) ~[spring-web-5.3.30.jar:5.3.30]
	at org.springframework.web.method.support.InvocableHandlerMethod.invokeForRequest(InvocableHandlerMethod.java:150) ~[spring-web-5.3.30.jar:5.3.30]
	at org.springframework.web.servlet.mvc.method.annotation.ServletInvocableHandlerMethod.invokeAndHandle(ServletInvocableHandlerMethod.java:117) ~[spring-webmvc-5.3.30.jar:5.3.30]
	at org.springframework.web.servlet.mvc.method.annotation.RequestMappingHandlerAdapter.invokeHandlerMethod(RequestMappingHandlerAdapter.java:895) ~[spring-webmvc-5.3.30.jar:5.3.30]
	at org.springframework.web.servlet.mvc.method.annotation.RequestMappingHandlerAdapter.handleInternal(RequestMappingHandlerAdapter.java:808) ~[spring-webmvc-5.3.30.jar:5.3.30]
	at org.springframework.web.servlet.mvc.method.AbstractHandlerMethodAdapter.handle(AbstractHandlerMethodAdapter.java:87) ~[spring-webmvc-5.3.30.jar:5.3.30]
	at org.springframework.web.servlet.DispatcherServlet.doDispatch(DispatcherServlet.java:1072) ~[spring-webmvc-5.3.30.jar:5.3.30]
	at org.springframework.web.servlet.DispatcherServlet.doService(DispatcherServlet.java:965) ~[spring-webmvc-5.3.30.jar:5.3.30]
	at org.springframework.web.servlet.FrameworkServlet.processRequest(FrameworkServlet.java:1006) [spring-webmvc-5.3.30.jar:5.3.30]
	at org.springframework.web.servlet.FrameworkServlet.doPut(FrameworkServlet.java:920) [spring-webmvc-5.3.30.jar:5.3.30]
	at javax.servlet.http.HttpServlet.service(HttpServlet.java:668) [javax.servlet-api-4.0.1.jar:4.0.1]
	at org.springframework.web.servlet.FrameworkServlet.service(FrameworkServlet.java:883) [spring-webmvc-5.3.30.jar:5.3.30]
	at javax.servlet.http.HttpServlet.service(HttpServlet.java:750) [javax.servlet-api-4.0.1.jar:4.0.1]
	at io.undertow.servlet.handlers.ServletHandler.handleRequest(ServletHandler.java:74) [undertow-servlet-2.2.26.Final.jar:2.2.26.Final]
	at io.undertow.servlet.handlers.FilterHandler$FilterChainImpl.doFilter(FilterHandler.java:129) [undertow-servlet-2.2.26.Final.jar:2.2.26.Final]
	at org.springframework.security.web.FilterChainProxy$VirtualFilterChain.doFilter(FilterChainProxy.java:337) [spring-security-web-5.7.11.jar:5.7.11]
	at org.springframework.security.web.access.intercept.FilterSecurityInterceptor.invoke(FilterSecurityInterceptor.java:115) [spring-security-web-5.7.11.jar:5.7.11]
	at org.springframework.security.web.access.intercept.FilterSecurityInterceptor.doFilter(FilterSecurityInterceptor.java:81) [spring-security-web-5.7.11.jar:5.7.11]
	at org.springframework.security.web.FilterChainProxy$VirtualFilterChain.doFilter(FilterChainProxy.java:346) [spring-security-web-5.7.11.jar:5.7.11]
	at org.springframework.security.web.access.ExceptionTranslationFilter.doFilter(ExceptionTranslationFilter.java:122) [spring-security-web-5.7.11.jar:5.7.11]
	at org.springframework.security.web.access.ExceptionTranslationFilter.doFilter(ExceptionTranslationFilter.java:116) [spring-security-web-5.7.11.jar:5.7.11]
	at org.springframework.security.web.FilterChainProxy$VirtualFilterChain.doFilter(FilterChainProxy.java:346) [spring-security-web-5.7.11.jar:5.7.11]
	at org.springframework.security.web.session.SessionManagementFilter.doFilter(SessionManagementFilter.java:126) [spring-security-web-5.7.11.jar:5.7.11]
	at org.springframework.security.web.session.SessionManagementFilter.doFilter(SessionManagementFilter.java:81) [spring-security-web-5.7.11.jar:5.7.11]
	at org.springframework.security.web.FilterChainProxy$VirtualFilterChain.doFilter(FilterChainProxy.java:346) [spring-security-web-5.7.11.jar:5.7.11]
	at org.springframework.security.web.authentication.AnonymousAuthenticationFilter.doFilter(AnonymousAuthenticationFilter.java:109) [spring-security-web-5.7.11.jar:5.7.11]
	at org.springframework.security.web.FilterChainProxy$VirtualFilterChain.doFilter(FilterChainProxy.java:346) [spring-security-web-5.7.11.jar:5.7.11]
	at org.springframework.security.web.servletapi.SecurityContextHolderAwareRequestFilter.doFilter(SecurityContextHolderAwareRequestFilter.java:149) [spring-security-web-5.7.11.jar:5.7.11]
	at org.springframework.security.web.FilterChainProxy$VirtualFilterChain.doFilter(FilterChainProxy.java:346) [spring-security-web-5.7.11.jar:5.7.11]
	at org.springframework.security.web.savedrequest.RequestCacheAwareFilter.doFilter(RequestCacheAwareFilter.java:63) [spring-security-web-5.7.11.jar:5.7.11]
	at org.springframework.security.web.FilterChainProxy$VirtualFilterChain.doFilter(FilterChainProxy.java:346) [spring-security-web-5.7.11.jar:5.7.11]
	at org.springframework.security.oauth2.server.resource.web.BearerTokenAuthenticationFilter.doFilterInternal(BearerTokenAuthenticationFilter.java:142) [spring-security-oauth2-resource-server-5.7.11.jar:5.7.11]
	at org.springframework.web.filter.OncePerRequestFilter.doFilter(OncePerRequestFilter.java:117) [spring-web-5.3.30.jar:5.3.30]
	at org.springframework.security.web.FilterChainProxy$VirtualFilterChain.doFilter(FilterChainProxy.java:346) [spring-security-web-5.7.11.jar:5.7.11]
	at org.springframework.security.web.authentication.logout.LogoutFilter.doFilter(LogoutFilter.java:103) [spring-security-web-5.7.11.jar:5.7.11]
	at org.springframework.security.web.authentication.logout.LogoutFilter.doFilter(LogoutFilter.java:89) [spring-security-web-5.7.11.jar:5.7.11]
	at org.springframework.security.web.FilterChainProxy$VirtualFilterChain.doFilter(FilterChainProxy.java:346) [spring-security-web-5.7.11.jar:5.7.11]
	at org.springframework.security.web.header.HeaderWriterFilter.doHeadersAfter(HeaderWriterFilter.java:90) [spring-security-web-5.7.11.jar:5.7.11]
	at org.springframework.security.web.header.HeaderWriterFilter.doFilterInternal(HeaderWriterFilter.java:75) [spring-security-web-5.7.11.jar:5.7.11]
	at org.springframework.web.filter.OncePerRequestFilter.doFilter(OncePerRequestFilter.java:117) [spring-web-5.3.30.jar:5.3.30]
	at org.springframework.security.web.FilterChainProxy$VirtualFilterChain.doFilter(FilterChainProxy.java:346) [spring-security-web-5.7.11.jar:5.7.11]
	at org.springframework.security.web.context.SecurityContextPersistenceFilter.doFilter(SecurityContextPersistenceFilter.java:112) [spring-security-web-5.7.11.jar:5.7.11]
	at org.springframework.security.web.context.SecurityContextPersistenceFilter.doFilter(SecurityContextPersistenceFilter.java:82) [spring-security-web-5.7.11.jar:5.7.11]
	at org.springframework.security.web.FilterChainProxy$VirtualFilterChain.doFilter(FilterChainProxy.java:346) [spring-security-web-5.7.11.jar:5.7.11]
	at org.springframework.security.web.context.request.async.WebAsyncManagerIntegrationFilter.doFilterInternal(WebAsyncManagerIntegrationFilter.java:55) [spring-security-web-5.7.11.jar:5.7.11]
	at org.springframework.web.filter.OncePerRequestFilter.doFilter(OncePerRequestFilter.java:117) [spring-web-5.3.30.jar:5.3.30]
	at org.springframework.security.web.FilterChainProxy$VirtualFilterChain.doFilter(FilterChainProxy.java:346) [spring-security-web-5.7.11.jar:5.7.11]
	at org.springframework.security.web.session.DisableEncodeUrlFilter.doFilterInternal(DisableEncodeUrlFilter.java:42) [spring-security-web-5.7.11.jar:5.7.11]
	at org.springframework.web.filter.OncePerRequestFilter.doFilter(OncePerRequestFilter.java:117) [spring-web-5.3.30.jar:5.3.30]
	at org.springframework.security.web.FilterChainProxy$VirtualFilterChain.doFilter(FilterChainProxy.java:346) [spring-security-web-5.7.11.jar:5.7.11]
	at org.springframework.security.web.FilterChainProxy.doFilterInternal(FilterChainProxy.java:221) [spring-security-web-5.7.11.jar:5.7.11]
	at org.springframework.security.web.FilterChainProxy.doFilter(FilterChainProxy.java:186) [spring-security-web-5.7.11.jar:5.7.11]
	at org.springframework.web.filter.DelegatingFilterProxy.invokeDelegate(DelegatingFilterProxy.java:354) [spring-web-5.3.30.jar:5.3.30]
	at org.springframework.web.filter.DelegatingFilterProxy.doFilter(DelegatingFilterProxy.java:267) [spring-web-5.3.30.jar:5.3.30]
	at io.undertow.servlet.core.ManagedFilter.doFilter(ManagedFilter.java:67) [undertow-servlet-2.2.26.Final.jar:2.2.26.Final]
	at io.undertow.servlet.handlers.FilterHandler$FilterChainImpl.doFilter(FilterHandler.java:131) [undertow-servlet-2.2.26.Final.jar:2.2.26.Final]
	at org.springframework.web.filter.RequestContextFilter.doFilterInternal(RequestContextFilter.java:100) [spring-web-5.3.30.jar:5.3.30]
	at org.springframework.web.filter.OncePerRequestFilter.doFilter(OncePerRequestFilter.java:117) [spring-web-5.3.30.jar:5.3.30]
	at io.undertow.servlet.core.ManagedFilter.doFilter(ManagedFilter.java:67) [undertow-servlet-2.2.26.Final.jar:2.2.26.Final]
	at io.undertow.servlet.handlers.FilterHandler$FilterChainImpl.doFilter(FilterHandler.java:131) [undertow-servlet-2.2.26.Final.jar:2.2.26.Final]
	at org.springframework.web.filter.FormContentFilter.doFilterInternal(FormContentFilter.java:93) [spring-web-5.3.30.jar:5.3.30]
	at org.springframework.web.filter.OncePerRequestFilter.doFilter(OncePerRequestFilter.java:117) [spring-web-5.3.30.jar:5.3.30]
	at io.undertow.servlet.core.ManagedFilter.doFilter(ManagedFilter.java:67) [undertow-servlet-2.2.26.Final.jar:2.2.26.Final]
	at io.undertow.servlet.handlers.FilterHandler$FilterChainImpl.doFilter(FilterHandler.java:131) [undertow-servlet-2.2.26.Final.jar:2.2.26.Final]
	at org.springframework.boot.actuate.metrics.web.servlet.WebMvcMetricsFilter.doFilterInternal(WebMvcMetricsFilter.java:96) [spring-boot-actuator-2.7.16.jar:2.7.16]
	at org.springframework.web.filter.OncePerRequestFilter.doFilter(OncePerRequestFilter.java:117) [spring-web-5.3.30.jar:5.3.30]
	at io.undertow.servlet.core.ManagedFilter.doFilter(ManagedFilter.java:67) [undertow-servlet-2.2.26.Final.jar:2.2.26.Final]
	at io.undertow.servlet.handlers.FilterHandler$FilterChainImpl.doFilter(FilterHandler.java:131) [undertow-servlet-2.2.26.Final.jar:2.2.26.Final]
	at org.springframework.web.filter.CharacterEncodingFilter.doFilterInternal(CharacterEncodingFilter.java:201) [spring-web-5.3.30.jar:5.3.30]
	at org.springframework.web.filter.OncePerRequestFilter.doFilter(OncePerRequestFilter.java:117) [spring-web-5.3.30.jar:5.3.30]
	at io.undertow.servlet.core.ManagedFilter.doFilter(ManagedFilter.java:67) [undertow-servlet-2.2.26.Final.jar:2.2.26.Final]
	at io.undertow.servlet.handlers.FilterHandler$FilterChainImpl.doFilter(FilterHandler.java:131) [undertow-servlet-2.2.26.Final.jar:2.2.26.Final]
	at io.undertow.servlet.handlers.FilterHandler.handleRequest(FilterHandler.java:84) [undertow-servlet-2.2.26.Final.jar:2.2.26.Final]
	at io.undertow.servlet.handlers.security.ServletSecurityRoleHandler.handleRequest(ServletSecurityRoleHandler.java:62) [undertow-servlet-2.2.26.Final.jar:2.2.26.Final]
	at io.undertow.servlet.handlers.ServletChain$1.handleRequest(ServletChain.java:68) [undertow-servlet-2.2.26.Final.jar:2.2.26.Final]
	at io.undertow.servlet.handlers.ServletDispatchingHandler.handleRequest(ServletDispatchingHandler.java:36) [undertow-servlet-2.2.26.Final.jar:2.2.26.Final]
	at io.undertow.servlet.handlers.RedirectDirHandler.handleRequest(RedirectDirHandler.java:68) [undertow-servlet-2.2.26.Final.jar:2.2.26.Final]
	at io.undertow.servlet.handlers.security.SSLInformationAssociationHandler.handleRequest(SSLInformationAssociationHandler.java:117) [undertow-servlet-2.2.26.Final.jar:2.2.26.Final]
	at io.undertow.servlet.handlers.security.ServletAuthenticationCallHandler.handleRequest(ServletAuthenticationCallHandler.java:57) [undertow-servlet-2.2.26.Final.jar:2.2.26.Final]
	at io.undertow.server.handlers.PredicateHandler.handleRequest(PredicateHandler.java:43) [undertow-core-2.2.26.Final.jar:2.2.26.Final]
	at io.undertow.security.handlers.AbstractConfidentialityHandler.handleRequest(AbstractConfidentialityHandler.java:46) [undertow-core-2.2.26.Final.jar:2.2.26.Final]
	at io.undertow.servlet.handlers.security.ServletConfidentialityConstraintHandler.handleRequest(ServletConfidentialityConstraintHandler.java:64) [undertow-servlet-2.2.26.Final.jar:2.2.26.Final]
	at io.undertow.security.handlers.AuthenticationMechanismsHandler.handleRequest(AuthenticationMechanismsHandler.java:60) [undertow-core-2.2.26.Final.jar:2.2.26.Final]
	at io.undertow.servlet.handlers.security.CachedAuthenticatedSessionHandler.handleRequest(CachedAuthenticatedSessionHandler.java:77) [undertow-servlet-2.2.26.Final.jar:2.2.26.Final]
	at io.undertow.security.handlers.AbstractSecurityContextAssociationHandler.handleRequest(AbstractSecurityContextAssociationHandler.java:43) [undertow-core-2.2.26.Final.jar:2.2.26.Final]
	at io.undertow.server.handlers.PredicateHandler.handleRequest(PredicateHandler.java:43) [undertow-core-2.2.26.Final.jar:2.2.26.Final]
	at io.undertow.servlet.handlers.SendErrorPageHandler.handleRequest(SendErrorPageHandler.java:52) [undertow-servlet-2.2.26.Final.jar:2.2.26.Final]
	at io.undertow.server.handlers.PredicateHandler.handleRequest(PredicateHandler.java:43) [undertow-core-2.2.26.Final.jar:2.2.26.Final]
	at io.undertow.servlet.handlers.ServletInitialHandler.handleFirstRequest(ServletInitialHandler.java:275) [undertow-servlet-2.2.26.Final.jar:2.2.26.Final]
	at io.undertow.servlet.handlers.ServletInitialHandler.access$100(ServletInitialHandler.java:79) [undertow-servlet-2.2.26.Final.jar:2.2.26.Final]
	at io.undertow.servlet.handlers.ServletInitialHandler$2.call(ServletInitialHandler.java:134) [undertow-servlet-2.2.26.Final.jar:2.2.26.Final]
	at io.undertow.servlet.handlers.ServletInitialHandler$2.call(ServletInitialHandler.java:131) [undertow-servlet-2.2.26.Final.jar:2.2.26.Final]
	at io.undertow.servlet.core.ServletRequestContextThreadSetupAction$1.call(ServletRequestContextThreadSetupAction.java:48) [undertow-servlet-2.2.26.Final.jar:2.2.26.Final]
	at io.undertow.servlet.core.ContextClassLoaderSetupAction$1.call(ContextClassLoaderSetupAction.java:43) [undertow-servlet-2.2.26.Final.jar:2.2.26.Final]
	at io.undertow.servlet.handlers.ServletInitialHandler.dispatchRequest(ServletInitialHandler.java:255) [undertow-servlet-2.2.26.Final.jar:2.2.26.Final]
	at io.undertow.servlet.handlers.ServletInitialHandler.access$000(ServletInitialHandler.java:79) [undertow-servlet-2.2.26.Final.jar:2.2.26.Final]
	at io.undertow.servlet.handlers.ServletInitialHandler$1.handleRequest(ServletInitialHandler.java:100) [undertow-servlet-2.2.26.Final.jar:2.2.26.Final]
	at io.undertow.server.Connectors.executeRootHandler(Connectors.java:393) [undertow-core-2.2.26.Final.jar:2.2.26.Final]
	at io.undertow.server.HttpServerExchange$1.run(HttpServerExchange.java:852) [undertow-core-2.2.26.Final.jar:2.2.26.Final]
	at org.jboss.threads.ContextClassLoaderSavingRunnable.run(ContextClassLoaderSavingRunnable.java:35) [jboss-threads-3.1.0.Final.jar:3.1.0.Final]
	at org.jboss.threads.EnhancedQueueExecutor.safeRun(EnhancedQueueExecutor.java:2019) [jboss-threads-3.1.0.Final.jar:3.1.0.Final]
	at org.jboss.threads.EnhancedQueueExecutor$ThreadBody.doRunTask(EnhancedQueueExecutor.java:1558) [jboss-threads-3.1.0.Final.jar:3.1.0.Final]
	at org.jboss.threads.EnhancedQueueExecutor$ThreadBody.run(EnhancedQueueExecutor.java:1449) [jboss-threads-3.1.0.Final.jar:3.1.0.Final]
	at org.xnio.XnioWorker$WorkerThreadFactory$1$1.run(XnioWorker.java:1282) [xnio-api-3.8.7.Final.jar:3.8.7.Final]
	at java.lang.Thread.run(Thread.java:745) [na:1.8.0_73]
Caused by: java.lang.reflect.InvocationTargetException: null
	at sun.reflect.NativeMethodAccessorImpl.invoke0(Native Method) ~[na:1.8.0_73]
	at sun.reflect.NativeMethodAccessorImpl.invoke(NativeMethodAccessorImpl.java:62) ~[na:1.8.0_73]
	at sun.reflect.DelegatingMethodAccessorImpl.invoke(DelegatingMethodAccessorImpl.java:43) ~[na:1.8.0_73]
	at java.lang.reflect.Method.invoke(Method.java:497) ~[na:1.8.0_73]
	at org.dromara.easyes.core.proxy.EsMapperProxy.invoke(EsMapperProxy.java:28) ~[easy-es-core-2.0.0-beta4.jar:2.0.0-beta4]
	... 133 common frames omitted
Caused by: org.elasticsearch.ElasticsearchStatusException: Elasticsearch exception [type=document_missing_exception, reason=[_doc][test1833]: document missing]
	at org.elasticsearch.rest.BytesRestResponse.errorFromXContent(BytesRestResponse.java:176) ~[elasticsearch-7.14.0.jar:7.14.0]
	at org.elasticsearch.client.RestHighLevelClient.parseEntity(RestHighLevelClient.java:2011) ~[elasticsearch-rest-high-level-client-7.14.0.jar:7.14.0]
	at org.elasticsearch.client.RestHighLevelClient.parseResponseException(RestHighLevelClient.java:1988) ~[elasticsearch-rest-high-level-client-7.14.0.jar:7.14.0]
	at org.elasticsearch.client.RestHighLevelClient.internalPerformRequest(RestHighLevelClient.java:1745) ~[elasticsearch-rest-high-level-client-7.14.0.jar:7.14.0]
	at org.elasticsearch.client.RestHighLevelClient.performRequest(RestHighLevelClient.java:1702) ~[elasticsearch-rest-high-level-client-7.14.0.jar:7.14.0]
	at org.elasticsearch.client.RestHighLevelClient.performRequestAndParseEntity(RestHighLevelClient.java:1672) ~[elasticsearch-rest-high-level-client-7.14.0.jar:7.14.0]
	at org.elasticsearch.client.RestHighLevelClient.update(RestHighLevelClient.java:1079) ~[elasticsearch-rest-high-level-client-7.14.0.jar:7.14.0]
	at org.dromara.easyes.core.core.BaseEsMapperImpl.doUpdateById(BaseEsMapperImpl.java:709) ~[easy-es-core-2.0.0-beta4.jar:2.0.0-beta4]
	at org.dromara.easyes.core.core.BaseEsMapperImpl.lambda$updateById$13(BaseEsMapperImpl.java:425) ~[easy-es-core-2.0.0-beta4.jar:2.0.0-beta4]
	at java.util.stream.ReferencePipeline$4$1.accept(ReferencePipeline.java:210) ~[na:1.8.0_73]
	at java.util.Spliterators$ArraySpliterator.forEachRemaining(Spliterators.java:948) ~[na:1.8.0_73]
	at java.util.stream.AbstractPipeline.copyInto(AbstractPipeline.java:481) ~[na:1.8.0_73]
	at java.util.stream.AbstractPipeline.wrapAndCopyInto(AbstractPipeline.java:471) ~[na:1.8.0_73]
	at java.util.stream.ReduceOps$ReduceOp.evaluateSequential(ReduceOps.java:708) ~[na:1.8.0_73]
	at java.util.stream.AbstractPipeline.evaluate(AbstractPipeline.java:234) ~[na:1.8.0_73]
	at java.util.stream.IntPipeline.reduce(IntPipeline.java:456) ~[na:1.8.0_73]
	at java.util.stream.IntPipeline.sum(IntPipeline.java:414) ~[na:1.8.0_73]
	at org.dromara.easyes.core.core.BaseEsMapperImpl.updateById(BaseEsMapperImpl.java:426) ~[easy-es-core-2.0.0-beta4.jar:2.0.0-beta4]
	at org.dromara.easyes.core.core.BaseEsMapperImpl.updateById(BaseEsMapperImpl.java:413) ~[easy-es-core-2.0.0-beta4.jar:2.0.0-beta4]
	... 138 common frames omitted
	Suppressed: org.elasticsearch.client.ResponseException: method [POST], host [http://172.16.3.205:9200], URI [/zcwbook/_update/test1833?timeout=1m], status line [HTTP/1.1 404 Not Found]
{"error":{"root_cause":[{"type":"document_missing_exception","reason":"[_doc][test1833]: document missing","index_uuid":"lTwXr2z8T9ONoTR0fUTNUg","shard":"0","index":"zcwbook"}],"type":"document_missing_exception","reason":"[_doc][test1833]: document missing","index_uuid":"lTwXr2z8T9ONoTR0fUTNUg","shard":"0","index":"zcwbook"},"status":404}
		at org.elasticsearch.client.RestClient.convertResponse(RestClient.java:326) ~[elasticsearch-rest-client-7.14.0.jar:7.14.0]
		at org.elasticsearch.client.RestClient.performRequest(RestClient.java:296) ~[elasticsearch-rest-client-7.14.0.jar:7.14.0]
		at org.elasticsearch.client.RestClient.performRequest(RestClient.java:270) ~[elasticsearch-rest-client-7.14.0.jar:7.14.0]
		at org.elasticsearch.client.RestHighLevelClient.performClientRequest(RestHighLevelClient.java:2082) ~[elasticsearch-rest-high-level-client-7.14.0.jar:7.14.0]
		at org.elasticsearch.client.RestHighLevelClient.internalPerformRequest(RestHighLevelClient.java:1732) ~[elasticsearch-rest-high-level-client-7.14.0.jar:7.14.0]
		... 153 common frames omitted

[2m2023-10-17 18:43:27.643[0;39m [31mERROR[0;39m [35m2940[0;39m [2m---[0;39m [2m[  XNIO-1 task-1][0;39m [36mc.p.p.c.f.s.h.GlobalBizExceptionHandler [0;39m [2m:[0;39m 全局异常信息 ex=null

java.lang.reflect.UndeclaredThrowableException: null
	at com.sun.proxy.$Proxy141.updateById(Unknown Source) ~[na:na]
	at com.example.termproject.service.impl.BookServiceImpl.localUpdateById(BookServiceImpl.java:75) ~[classes/:na]
	at com.example.termproject.controller.BookController.updateById(BookController.java:69) ~[classes/:na]
	at com.example.termproject.controller.BookController$$FastClassBySpringCGLIB$$43e36765.invoke(<generated>) ~[classes/:na]
	at org.springframework.cglib.proxy.MethodProxy.invoke(MethodProxy.java:218) ~[spring-core-5.3.30.jar:5.3.30]
	at org.springframework.aop.framework.CglibAopProxy$CglibMethodInvocation.invokeJoinpoint(CglibAopProxy.java:792) ~[spring-aop-5.3.30.jar:5.3.30]
	at org.springframework.aop.framework.ReflectiveMethodInvocation.proceed(ReflectiveMethodInvocation.java:163) ~[spring-aop-5.3.30.jar:5.3.30]
	at org.springframework.aop.framework.CglibAopProxy$CglibMethodInvocation.proceed(CglibAopProxy.java:762) ~[spring-aop-5.3.30.jar:5.3.30]
	at org.springframework.aop.aspectj.MethodInvocationProceedingJoinPoint.proceed(MethodInvocationProceedingJoinPoint.java:89) ~[spring-aop-5.3.30.jar:5.3.30]
	at com.pig4cloud.pig.common.log.aspect.SysLogAspect.around(SysLogAspect.java:78) ~[pig-common-log-3.7.1-JDK8.jar:na]
	at sun.reflect.NativeMethodAccessorImpl.invoke0(Native Method) ~[na:1.8.0_73]
	at sun.reflect.NativeMethodAccessorImpl.invoke(NativeMethodAccessorImpl.java:62) ~[na:1.8.0_73]
	at sun.reflect.DelegatingMethodAccessorImpl.invoke(DelegatingMethodAccessorImpl.java:43) ~[na:1.8.0_73]
	at java.lang.reflect.Method.invoke(Method.java:497) ~[na:1.8.0_73]
	at org.springframework.aop.aspectj.AbstractAspectJAdvice.invokeAdviceMethodWithGivenArgs(AbstractAspectJAdvice.java:634) ~[spring-aop-5.3.30.jar:5.3.30]
	at org.springframework.aop.aspectj.AbstractAspectJAdvice.invokeAdviceMethod(AbstractAspectJAdvice.java:624) ~[spring-aop-5.3.30.jar:5.3.30]
	at org.springframework.aop.aspectj.AspectJAroundAdvice.invoke(AspectJAroundAdvice.java:72) ~[spring-aop-5.3.30.jar:5.3.30]
	at org.springframework.aop.framework.ReflectiveMethodInvocation.proceed(ReflectiveMethodInvocation.java:175) ~[spring-aop-5.3.30.jar:5.3.30]
	at org.springframework.aop.framework.CglibAopProxy$CglibMethodInvocation.proceed(CglibAopProxy.java:762) ~[spring-aop-5.3.30.jar:5.3.30]
	at org.springframework.aop.interceptor.ExposeInvocationInterceptor.invoke(ExposeInvocationInterceptor.java:97) ~[spring-aop-5.3.30.jar:5.3.30]
	at org.springframework.aop.framework.ReflectiveMethodInvocation.proceed(ReflectiveMethodInvocation.java:186) ~[spring-aop-5.3.30.jar:5.3.30]
	at org.springframework.aop.framework.CglibAopProxy$CglibMethodInvocation.proceed(CglibAopProxy.java:762) ~[spring-aop-5.3.30.jar:5.3.30]
	at org.springframework.aop.framework.CglibAopProxy$DynamicAdvisedInterceptor.intercept(CglibAopProxy.java:707) ~[spring-aop-5.3.30.jar:5.3.30]
	at com.example.termproject.controller.BookController$$EnhancerBySpringCGLIB$$4370cc60.updateById(<generated>) ~[classes/:na]
	at sun.reflect.NativeMethodAccessorImpl.invoke0(Native Method) ~[na:1.8.0_73]
	at sun.reflect.NativeMethodAccessorImpl.invoke(NativeMethodAccessorImpl.java:62) ~[na:1.8.0_73]
	at sun.reflect.DelegatingMethodAccessorImpl.invoke(DelegatingMethodAccessorImpl.java:43) ~[na:1.8.0_73]
	at java.lang.reflect.Method.invoke(Method.java:497) ~[na:1.8.0_73]
	at org.springframework.web.method.support.InvocableHandlerMethod.doInvoke(InvocableHandlerMethod.java:205) ~[spring-web-5.3.30.jar:5.3.30]
	at org.springframework.web.method.support.InvocableHandlerMethod.invokeForRequest(InvocableHandlerMethod.java:150) ~[spring-web-5.3.30.jar:5.3.30]
	at org.springframework.web.servlet.mvc.method.annotation.ServletInvocableHandlerMethod.invokeAndHandle(ServletInvocableHandlerMethod.java:117) ~[spring-webmvc-5.3.30.jar:5.3.30]
	at org.springframework.web.servlet.mvc.method.annotation.RequestMappingHandlerAdapter.invokeHandlerMethod(RequestMappingHandlerAdapter.java:895) ~[spring-webmvc-5.3.30.jar:5.3.30]
	at org.springframework.web.servlet.mvc.method.annotation.RequestMappingHandlerAdapter.handleInternal(RequestMappingHandlerAdapter.java:808) ~[spring-webmvc-5.3.30.jar:5.3.30]
	at org.springframework.web.servlet.mvc.method.AbstractHandlerMethodAdapter.handle(AbstractHandlerMethodAdapter.java:87) ~[spring-webmvc-5.3.30.jar:5.3.30]
	at org.springframework.web.servlet.DispatcherServlet.doDispatch(DispatcherServlet.java:1072) ~[spring-webmvc-5.3.30.jar:5.3.30]
	at org.springframework.web.servlet.DispatcherServlet.doService(DispatcherServlet.java:965) ~[spring-webmvc-5.3.30.jar:5.3.30]
	at org.springframework.web.servlet.FrameworkServlet.processRequest(FrameworkServlet.java:1006) [spring-webmvc-5.3.30.jar:5.3.30]
	at org.springframework.web.servlet.FrameworkServlet.doPut(FrameworkServlet.java:920) [spring-webmvc-5.3.30.jar:5.3.30]
	at javax.servlet.http.HttpServlet.service(HttpServlet.java:668) [javax.servlet-api-4.0.1.jar:4.0.1]
	at org.springframework.web.servlet.FrameworkServlet.service(FrameworkServlet.java:883) [spring-webmvc-5.3.30.jar:5.3.30]
	at javax.servlet.http.HttpServlet.service(HttpServlet.java:750) [javax.servlet-api-4.0.1.jar:4.0.1]
	at io.undertow.servlet.handlers.ServletHandler.handleRequest(ServletHandler.java:74) [undertow-servlet-2.2.26.Final.jar:2.2.26.Final]
	at io.undertow.servlet.handlers.FilterHandler$FilterChainImpl.doFilter(FilterHandler.java:129) [undertow-servlet-2.2.26.Final.jar:2.2.26.Final]
	at org.springframework.security.web.FilterChainProxy$VirtualFilterChain.doFilter(FilterChainProxy.java:337) [spring-security-web-5.7.11.jar:5.7.11]
	at org.springframework.security.web.access.intercept.FilterSecurityInterceptor.invoke(FilterSecurityInterceptor.java:115) [spring-security-web-5.7.11.jar:5.7.11]
	at org.springframework.security.web.access.intercept.FilterSecurityInterceptor.doFilter(FilterSecurityInterceptor.java:81) [spring-security-web-5.7.11.jar:5.7.11]
	at org.springframework.security.web.FilterChainProxy$VirtualFilterChain.doFilter(FilterChainProxy.java:346) [spring-security-web-5.7.11.jar:5.7.11]
	at org.springframework.security.web.access.ExceptionTranslationFilter.doFilter(ExceptionTranslationFilter.java:122) [spring-security-web-5.7.11.jar:5.7.11]
	at org.springframework.security.web.access.ExceptionTranslationFilter.doFilter(ExceptionTranslationFilter.java:116) [spring-security-web-5.7.11.jar:5.7.11]
	at org.springframework.security.web.FilterChainProxy$VirtualFilterChain.doFilter(FilterChainProxy.java:346) [spring-security-web-5.7.11.jar:5.7.11]
	at org.springframework.security.web.session.SessionManagementFilter.doFilter(SessionManagementFilter.java:126) [spring-security-web-5.7.11.jar:5.7.11]
	at org.springframework.security.web.session.SessionManagementFilter.doFilter(SessionManagementFilter.java:81) [spring-security-web-5.7.11.jar:5.7.11]
	at org.springframework.security.web.FilterChainProxy$VirtualFilterChain.doFilter(FilterChainProxy.java:346) [spring-security-web-5.7.11.jar:5.7.11]
	at org.springframework.security.web.authentication.AnonymousAuthenticationFilter.doFilter(AnonymousAuthenticationFilter.java:109) [spring-security-web-5.7.11.jar:5.7.11]
	at org.springframework.security.web.FilterChainProxy$VirtualFilterChain.doFilter(FilterChainProxy.java:346) [spring-security-web-5.7.11.jar:5.7.11]
	at org.springframework.security.web.servletapi.SecurityContextHolderAwareRequestFilter.doFilter(SecurityContextHolderAwareRequestFilter.java:149) [spring-security-web-5.7.11.jar:5.7.11]
	at org.springframework.security.web.FilterChainProxy$VirtualFilterChain.doFilter(FilterChainProxy.java:346) [spring-security-web-5.7.11.jar:5.7.11]
	at org.springframework.security.web.savedrequest.RequestCacheAwareFilter.doFilter(RequestCacheAwareFilter.java:63) [spring-security-web-5.7.11.jar:5.7.11]
	at org.springframework.security.web.FilterChainProxy$VirtualFilterChain.doFilter(FilterChainProxy.java:346) [spring-security-web-5.7.11.jar:5.7.11]
	at org.springframework.security.oauth2.server.resource.web.BearerTokenAuthenticationFilter.doFilterInternal(BearerTokenAuthenticationFilter.java:142) [spring-security-oauth2-resource-server-5.7.11.jar:5.7.11]
	at org.springframework.web.filter.OncePerRequestFilter.doFilter(OncePerRequestFilter.java:117) [spring-web-5.3.30.jar:5.3.30]
	at org.springframework.security.web.FilterChainProxy$VirtualFilterChain.doFilter(FilterChainProxy.java:346) [spring-security-web-5.7.11.jar:5.7.11]
	at org.springframework.security.web.authentication.logout.LogoutFilter.doFilter(LogoutFilter.java:103) [spring-security-web-5.7.11.jar:5.7.11]
	at org.springframework.security.web.authentication.logout.LogoutFilter.doFilter(LogoutFilter.java:89) [spring-security-web-5.7.11.jar:5.7.11]
	at org.springframework.security.web.FilterChainProxy$VirtualFilterChain.doFilter(FilterChainProxy.java:346) [spring-security-web-5.7.11.jar:5.7.11]
	at org.springframework.security.web.header.HeaderWriterFilter.doHeadersAfter(HeaderWriterFilter.java:90) [spring-security-web-5.7.11.jar:5.7.11]
	at org.springframework.security.web.header.HeaderWriterFilter.doFilterInternal(HeaderWriterFilter.java:75) [spring-security-web-5.7.11.jar:5.7.11]
	at org.springframework.web.filter.OncePerRequestFilter.doFilter(OncePerRequestFilter.java:117) [spring-web-5.3.30.jar:5.3.30]
	at org.springframework.security.web.FilterChainProxy$VirtualFilterChain.doFilter(FilterChainProxy.java:346) [spring-security-web-5.7.11.jar:5.7.11]
	at org.springframework.security.web.context.SecurityContextPersistenceFilter.doFilter(SecurityContextPersistenceFilter.java:112) [spring-security-web-5.7.11.jar:5.7.11]
	at org.springframework.security.web.context.SecurityContextPersistenceFilter.doFilter(SecurityContextPersistenceFilter.java:82) [spring-security-web-5.7.11.jar:5.7.11]
	at org.springframework.security.web.FilterChainProxy$VirtualFilterChain.doFilter(FilterChainProxy.java:346) [spring-security-web-5.7.11.jar:5.7.11]
	at org.springframework.security.web.context.request.async.WebAsyncManagerIntegrationFilter.doFilterInternal(WebAsyncManagerIntegrationFilter.java:55) [spring-security-web-5.7.11.jar:5.7.11]
	at org.springframework.web.filter.OncePerRequestFilter.doFilter(OncePerRequestFilter.java:117) [spring-web-5.3.30.jar:5.3.30]
	at org.springframework.security.web.FilterChainProxy$VirtualFilterChain.doFilter(FilterChainProxy.java:346) [spring-security-web-5.7.11.jar:5.7.11]
	at org.springframework.security.web.session.DisableEncodeUrlFilter.doFilterInternal(DisableEncodeUrlFilter.java:42) [spring-security-web-5.7.11.jar:5.7.11]
	at org.springframework.web.filter.OncePerRequestFilter.doFilter(OncePerRequestFilter.java:117) [spring-web-5.3.30.jar:5.3.30]
	at org.springframework.security.web.FilterChainProxy$VirtualFilterChain.doFilter(FilterChainProxy.java:346) [spring-security-web-5.7.11.jar:5.7.11]
	at org.springframework.security.web.FilterChainProxy.doFilterInternal(FilterChainProxy.java:221) [spring-security-web-5.7.11.jar:5.7.11]
	at org.springframework.security.web.FilterChainProxy.doFilter(FilterChainProxy.java:186) [spring-security-web-5.7.11.jar:5.7.11]
	at org.springframework.web.filter.DelegatingFilterProxy.invokeDelegate(DelegatingFilterProxy.java:354) [spring-web-5.3.30.jar:5.3.30]
	at org.springframework.web.filter.DelegatingFilterProxy.doFilter(DelegatingFilterProxy.java:267) [spring-web-5.3.30.jar:5.3.30]
	at io.undertow.servlet.core.ManagedFilter.doFilter(ManagedFilter.java:67) [undertow-servlet-2.2.26.Final.jar:2.2.26.Final]
	at io.undertow.servlet.handlers.FilterHandler$FilterChainImpl.doFilter(FilterHandler.java:131) [undertow-servlet-2.2.26.Final.jar:2.2.26.Final]
	at org.springframework.web.filter.RequestContextFilter.doFilterInternal(RequestContextFilter.java:100) [spring-web-5.3.30.jar:5.3.30]
	at org.springframework.web.filter.OncePerRequestFilter.doFilter(OncePerRequestFilter.java:117) [spring-web-5.3.30.jar:5.3.30]
	at io.undertow.servlet.core.ManagedFilter.doFilter(ManagedFilter.java:67) [undertow-servlet-2.2.26.Final.jar:2.2.26.Final]
	at io.undertow.servlet.handlers.FilterHandler$FilterChainImpl.doFilter(FilterHandler.java:131) [undertow-servlet-2.2.26.Final.jar:2.2.26.Final]
	at org.springframework.web.filter.FormContentFilter.doFilterInternal(FormContentFilter.java:93) [spring-web-5.3.30.jar:5.3.30]
	at org.springframework.web.filter.OncePerRequestFilter.doFilter(OncePerRequestFilter.java:117) [spring-web-5.3.30.jar:5.3.30]
	at io.undertow.servlet.core.ManagedFilter.doFilter(ManagedFilter.java:67) [undertow-servlet-2.2.26.Final.jar:2.2.26.Final]
	at io.undertow.servlet.handlers.FilterHandler$FilterChainImpl.doFilter(FilterHandler.java:131) [undertow-servlet-2.2.26.Final.jar:2.2.26.Final]
	at org.springframework.boot.actuate.metrics.web.servlet.WebMvcMetricsFilter.doFilterInternal(WebMvcMetricsFilter.java:96) [spring-boot-actuator-2.7.16.jar:2.7.16]
	at org.springframework.web.filter.OncePerRequestFilter.doFilter(OncePerRequestFilter.java:117) [spring-web-5.3.30.jar:5.3.30]
	at io.undertow.servlet.core.ManagedFilter.doFilter(ManagedFilter.java:67) [undertow-servlet-2.2.26.Final.jar:2.2.26.Final]
	at io.undertow.servlet.handlers.FilterHandler$FilterChainImpl.doFilter(FilterHandler.java:131) [undertow-servlet-2.2.26.Final.jar:2.2.26.Final]
	at org.springframework.web.filter.CharacterEncodingFilter.doFilterInternal(CharacterEncodingFilter.java:201) [spring-web-5.3.30.jar:5.3.30]
	at org.springframework.web.filter.OncePerRequestFilter.doFilter(OncePerRequestFilter.java:117) [spring-web-5.3.30.jar:5.3.30]
	at io.undertow.servlet.core.ManagedFilter.doFilter(ManagedFilter.java:67) [undertow-servlet-2.2.26.Final.jar:2.2.26.Final]
	at io.undertow.servlet.handlers.FilterHandler$FilterChainImpl.doFilter(FilterHandler.java:131) [undertow-servlet-2.2.26.Final.jar:2.2.26.Final]
	at io.undertow.servlet.handlers.FilterHandler.handleRequest(FilterHandler.java:84) [undertow-servlet-2.2.26.Final.jar:2.2.26.Final]
	at io.undertow.servlet.handlers.security.ServletSecurityRoleHandler.handleRequest(ServletSecurityRoleHandler.java:62) [undertow-servlet-2.2.26.Final.jar:2.2.26.Final]
	at io.undertow.servlet.handlers.ServletChain$1.handleRequest(ServletChain.java:68) [undertow-servlet-2.2.26.Final.jar:2.2.26.Final]
	at io.undertow.servlet.handlers.ServletDispatchingHandler.handleRequest(ServletDispatchingHandler.java:36) [undertow-servlet-2.2.26.Final.jar:2.2.26.Final]
	at io.undertow.servlet.handlers.RedirectDirHandler.handleRequest(RedirectDirHandler.java:68) [undertow-servlet-2.2.26.Final.jar:2.2.26.Final]
	at io.undertow.servlet.handlers.security.SSLInformationAssociationHandler.handleRequest(SSLInformationAssociationHandler.java:117) [undertow-servlet-2.2.26.Final.jar:2.2.26.Final]
	at io.undertow.servlet.handlers.security.ServletAuthenticationCallHandler.handleRequest(ServletAuthenticationCallHandler.java:57) [undertow-servlet-2.2.26.Final.jar:2.2.26.Final]
	at io.undertow.server.handlers.PredicateHandler.handleRequest(PredicateHandler.java:43) [undertow-core-2.2.26.Final.jar:2.2.26.Final]
	at io.undertow.security.handlers.AbstractConfidentialityHandler.handleRequest(AbstractConfidentialityHandler.java:46) [undertow-core-2.2.26.Final.jar:2.2.26.Final]
	at io.undertow.servlet.handlers.security.ServletConfidentialityConstraintHandler.handleRequest(ServletConfidentialityConstraintHandler.java:64) [undertow-servlet-2.2.26.Final.jar:2.2.26.Final]
	at io.undertow.security.handlers.AuthenticationMechanismsHandler.handleRequest(AuthenticationMechanismsHandler.java:60) [undertow-core-2.2.26.Final.jar:2.2.26.Final]
	at io.undertow.servlet.handlers.security.CachedAuthenticatedSessionHandler.handleRequest(CachedAuthenticatedSessionHandler.java:77) [undertow-servlet-2.2.26.Final.jar:2.2.26.Final]
	at io.undertow.security.handlers.AbstractSecurityContextAssociationHandler.handleRequest(AbstractSecurityContextAssociationHandler.java:43) [undertow-core-2.2.26.Final.jar:2.2.26.Final]
	at io.undertow.server.handlers.PredicateHandler.handleRequest(PredicateHandler.java:43) [undertow-core-2.2.26.Final.jar:2.2.26.Final]
	at io.undertow.servlet.handlers.SendErrorPageHandler.handleRequest(SendErrorPageHandler.java:52) [undertow-servlet-2.2.26.Final.jar:2.2.26.Final]
	at io.undertow.server.handlers.PredicateHandler.handleRequest(PredicateHandler.java:43) [undertow-core-2.2.26.Final.jar:2.2.26.Final]
	at io.undertow.servlet.handlers.ServletInitialHandler.handleFirstRequest(ServletInitialHandler.java:275) [undertow-servlet-2.2.26.Final.jar:2.2.26.Final]
	at io.undertow.servlet.handlers.ServletInitialHandler.access$100(ServletInitialHandler.java:79) [undertow-servlet-2.2.26.Final.jar:2.2.26.Final]
	at io.undertow.servlet.handlers.ServletInitialHandler$2.call(ServletInitialHandler.java:134) [undertow-servlet-2.2.26.Final.jar:2.2.26.Final]
	at io.undertow.servlet.handlers.ServletInitialHandler$2.call(ServletInitialHandler.java:131) [undertow-servlet-2.2.26.Final.jar:2.2.26.Final]
	at io.undertow.servlet.core.ServletRequestContextThreadSetupAction$1.call(ServletRequestContextThreadSetupAction.java:48) [undertow-servlet-2.2.26.Final.jar:2.2.26.Final]
	at io.undertow.servlet.core.ContextClassLoaderSetupAction$1.call(ContextClassLoaderSetupAction.java:43) [undertow-servlet-2.2.26.Final.jar:2.2.26.Final]
	at io.undertow.servlet.handlers.ServletInitialHandler.dispatchRequest(ServletInitialHandler.java:255) [undertow-servlet-2.2.26.Final.jar:2.2.26.Final]
	at io.undertow.servlet.handlers.ServletInitialHandler.access$000(ServletInitialHandler.java:79) [undertow-servlet-2.2.26.Final.jar:2.2.26.Final]
	at io.undertow.servlet.handlers.ServletInitialHandler$1.handleRequest(ServletInitialHandler.java:100) [undertow-servlet-2.2.26.Final.jar:2.2.26.Final]
	at io.undertow.server.Connectors.executeRootHandler(Connectors.java:393) [undertow-core-2.2.26.Final.jar:2.2.26.Final]
	at io.undertow.server.HttpServerExchange$1.run(HttpServerExchange.java:852) [undertow-core-2.2.26.Final.jar:2.2.26.Final]
	at org.jboss.threads.ContextClassLoaderSavingRunnable.run(ContextClassLoaderSavingRunnable.java:35) [jboss-threads-3.1.0.Final.jar:3.1.0.Final]
	at org.jboss.threads.EnhancedQueueExecutor.safeRun(EnhancedQueueExecutor.java:2019) [jboss-threads-3.1.0.Final.jar:3.1.0.Final]
	at org.jboss.threads.EnhancedQueueExecutor$ThreadBody.doRunTask(EnhancedQueueExecutor.java:1558) [jboss-threads-3.1.0.Final.jar:3.1.0.Final]
	at org.jboss.threads.EnhancedQueueExecutor$ThreadBody.run(EnhancedQueueExecutor.java:1449) [jboss-threads-3.1.0.Final.jar:3.1.0.Final]
	at org.xnio.XnioWorker$WorkerThreadFactory$1$1.run(XnioWorker.java:1282) [xnio-api-3.8.7.Final.jar:3.8.7.Final]
	at java.lang.Thread.run(Thread.java:745) [na:1.8.0_73]
Caused by: java.lang.reflect.InvocationTargetException: null
	at sun.reflect.NativeMethodAccessorImpl.invoke0(Native Method) ~[na:1.8.0_73]
	at sun.reflect.NativeMethodAccessorImpl.invoke(NativeMethodAccessorImpl.java:62) ~[na:1.8.0_73]
	at sun.reflect.DelegatingMethodAccessorImpl.invoke(DelegatingMethodAccessorImpl.java:43) ~[na:1.8.0_73]
	at java.lang.reflect.Method.invoke(Method.java:497) ~[na:1.8.0_73]
	at org.dromara.easyes.core.proxy.EsMapperProxy.invoke(EsMapperProxy.java:28) ~[easy-es-core-2.0.0-beta4.jar:2.0.0-beta4]
	... 133 common frames omitted
Caused by: org.elasticsearch.ElasticsearchStatusException: Elasticsearch exception [type=document_missing_exception, reason=[_doc][test1833]: document missing]
	at org.elasticsearch.rest.BytesRestResponse.errorFromXContent(BytesRestResponse.java:176) ~[elasticsearch-7.14.0.jar:7.14.0]
	at org.elasticsearch.client.RestHighLevelClient.parseEntity(RestHighLevelClient.java:2011) ~[elasticsearch-rest-high-level-client-7.14.0.jar:7.14.0]
	at org.elasticsearch.client.RestHighLevelClient.parseResponseException(RestHighLevelClient.java:1988) ~[elasticsearch-rest-high-level-client-7.14.0.jar:7.14.0]
	at org.elasticsearch.client.RestHighLevelClient.internalPerformRequest(RestHighLevelClient.java:1745) ~[elasticsearch-rest-high-level-client-7.14.0.jar:7.14.0]
	at org.elasticsearch.client.RestHighLevelClient.performRequest(RestHighLevelClient.java:1702) ~[elasticsearch-rest-high-level-client-7.14.0.jar:7.14.0]
	at org.elasticsearch.client.RestHighLevelClient.performRequestAndParseEntity(RestHighLevelClient.java:1672) ~[elasticsearch-rest-high-level-client-7.14.0.jar:7.14.0]
	at org.elasticsearch.client.RestHighLevelClient.update(RestHighLevelClient.java:1079) ~[elasticsearch-rest-high-level-client-7.14.0.jar:7.14.0]
	at org.dromara.easyes.core.core.BaseEsMapperImpl.doUpdateById(BaseEsMapperImpl.java:709) ~[easy-es-core-2.0.0-beta4.jar:2.0.0-beta4]
	at org.dromara.easyes.core.core.BaseEsMapperImpl.lambda$updateById$13(BaseEsMapperImpl.java:425) ~[easy-es-core-2.0.0-beta4.jar:2.0.0-beta4]
	at java.util.stream.ReferencePipeline$4$1.accept(ReferencePipeline.java:210) ~[na:1.8.0_73]
	at java.util.Spliterators$ArraySpliterator.forEachRemaining(Spliterators.java:948) ~[na:1.8.0_73]
	at java.util.stream.AbstractPipeline.copyInto(AbstractPipeline.java:481) ~[na:1.8.0_73]
	at java.util.stream.AbstractPipeline.wrapAndCopyInto(AbstractPipeline.java:471) ~[na:1.8.0_73]
	at java.util.stream.ReduceOps$ReduceOp.evaluateSequential(ReduceOps.java:708) ~[na:1.8.0_73]
	at java.util.stream.AbstractPipeline.evaluate(AbstractPipeline.java:234) ~[na:1.8.0_73]
	at java.util.stream.IntPipeline.reduce(IntPipeline.java:456) ~[na:1.8.0_73]
	at java.util.stream.IntPipeline.sum(IntPipeline.java:414) ~[na:1.8.0_73]
	at org.dromara.easyes.core.core.BaseEsMapperImpl.updateById(BaseEsMapperImpl.java:426) ~[easy-es-core-2.0.0-beta4.jar:2.0.0-beta4]
	at org.dromara.easyes.core.core.BaseEsMapperImpl.updateById(BaseEsMapperImpl.java:413) ~[easy-es-core-2.0.0-beta4.jar:2.0.0-beta4]
	... 138 common frames omitted
	Suppressed: org.elasticsearch.client.ResponseException: method [POST], host [http://172.16.3.205:9200], URI [/zcwbook/_update/test1833?timeout=1m], status line [HTTP/1.1 404 Not Found]
{"error":{"root_cause":[{"type":"document_missing_exception","reason":"[_doc][test1833]: document missing","index_uuid":"lTwXr2z8T9ONoTR0fUTNUg","shard":"0","index":"zcwbook"}],"type":"document_missing_exception","reason":"[_doc][test1833]: document missing","index_uuid":"lTwXr2z8T9ONoTR0fUTNUg","shard":"0","index":"zcwbook"},"status":404}
		at org.elasticsearch.client.RestClient.convertResponse(RestClient.java:326) ~[elasticsearch-rest-client-7.14.0.jar:7.14.0]
		at org.elasticsearch.client.RestClient.performRequest(RestClient.java:296) ~[elasticsearch-rest-client-7.14.0.jar:7.14.0]
		at org.elasticsearch.client.RestClient.performRequest(RestClient.java:270) ~[elasticsearch-rest-client-7.14.0.jar:7.14.0]
		at org.elasticsearch.client.RestHighLevelClient.performClientRequest(RestHighLevelClient.java:2082) ~[elasticsearch-rest-high-level-client-7.14.0.jar:7.14.0]
		at org.elasticsearch.client.RestHighLevelClient.internalPerformRequest(RestHighLevelClient.java:1732) ~[elasticsearch-rest-high-level-client-7.14.0.jar:7.14.0]
		... 153 common frames omitted

[2m2023-10-17 18:44:57.139[0;39m [31mERROR[0;39m [35m1120[0;39m [2m---[0;39m [2m[  XNIO-1 task-1][0;39m [36mc.p.p.c.f.s.h.GlobalBizExceptionHandler [0;39m [2m:[0;39m 全局异常信息 ex=null

java.lang.reflect.UndeclaredThrowableException: null
	at com.sun.proxy.$Proxy141.updateById(Unknown Source) ~[na:na]
	at com.example.termproject.service.impl.BookServiceImpl.localUpdateById(BookServiceImpl.java:75) ~[classes/:na]
	at com.example.termproject.controller.BookController.updateById(BookController.java:69) ~[classes/:na]
	at com.example.termproject.controller.BookController$$FastClassBySpringCGLIB$$43e36765.invoke(<generated>) ~[classes/:na]
	at org.springframework.cglib.proxy.MethodProxy.invoke(MethodProxy.java:218) ~[spring-core-5.3.30.jar:5.3.30]
	at org.springframework.aop.framework.CglibAopProxy$CglibMethodInvocation.invokeJoinpoint(CglibAopProxy.java:792) ~[spring-aop-5.3.30.jar:5.3.30]
	at org.springframework.aop.framework.ReflectiveMethodInvocation.proceed(ReflectiveMethodInvocation.java:163) ~[spring-aop-5.3.30.jar:5.3.30]
	at org.springframework.aop.framework.CglibAopProxy$CglibMethodInvocation.proceed(CglibAopProxy.java:762) ~[spring-aop-5.3.30.jar:5.3.30]
	at org.springframework.aop.aspectj.MethodInvocationProceedingJoinPoint.proceed(MethodInvocationProceedingJoinPoint.java:89) ~[spring-aop-5.3.30.jar:5.3.30]
	at com.pig4cloud.pig.common.log.aspect.SysLogAspect.around(SysLogAspect.java:78) ~[pig-common-log-3.7.1-JDK8.jar:na]
	at sun.reflect.NativeMethodAccessorImpl.invoke0(Native Method) ~[na:1.8.0_73]
	at sun.reflect.NativeMethodAccessorImpl.invoke(NativeMethodAccessorImpl.java:62) ~[na:1.8.0_73]
	at sun.reflect.DelegatingMethodAccessorImpl.invoke(DelegatingMethodAccessorImpl.java:43) ~[na:1.8.0_73]
	at java.lang.reflect.Method.invoke(Method.java:497) ~[na:1.8.0_73]
	at org.springframework.aop.aspectj.AbstractAspectJAdvice.invokeAdviceMethodWithGivenArgs(AbstractAspectJAdvice.java:634) ~[spring-aop-5.3.30.jar:5.3.30]
	at org.springframework.aop.aspectj.AbstractAspectJAdvice.invokeAdviceMethod(AbstractAspectJAdvice.java:624) ~[spring-aop-5.3.30.jar:5.3.30]
	at org.springframework.aop.aspectj.AspectJAroundAdvice.invoke(AspectJAroundAdvice.java:72) ~[spring-aop-5.3.30.jar:5.3.30]
	at org.springframework.aop.framework.ReflectiveMethodInvocation.proceed(ReflectiveMethodInvocation.java:175) ~[spring-aop-5.3.30.jar:5.3.30]
	at org.springframework.aop.framework.CglibAopProxy$CglibMethodInvocation.proceed(CglibAopProxy.java:762) ~[spring-aop-5.3.30.jar:5.3.30]
	at org.springframework.aop.interceptor.ExposeInvocationInterceptor.invoke(ExposeInvocationInterceptor.java:97) ~[spring-aop-5.3.30.jar:5.3.30]
	at org.springframework.aop.framework.ReflectiveMethodInvocation.proceed(ReflectiveMethodInvocation.java:186) ~[spring-aop-5.3.30.jar:5.3.30]
	at org.springframework.aop.framework.CglibAopProxy$CglibMethodInvocation.proceed(CglibAopProxy.java:762) ~[spring-aop-5.3.30.jar:5.3.30]
	at org.springframework.aop.framework.CglibAopProxy$DynamicAdvisedInterceptor.intercept(CglibAopProxy.java:707) ~[spring-aop-5.3.30.jar:5.3.30]
	at com.example.termproject.controller.BookController$$EnhancerBySpringCGLIB$$ba94bc24.updateById(<generated>) ~[classes/:na]
	at sun.reflect.NativeMethodAccessorImpl.invoke0(Native Method) ~[na:1.8.0_73]
	at sun.reflect.NativeMethodAccessorImpl.invoke(NativeMethodAccessorImpl.java:62) ~[na:1.8.0_73]
	at sun.reflect.DelegatingMethodAccessorImpl.invoke(DelegatingMethodAccessorImpl.java:43) ~[na:1.8.0_73]
	at java.lang.reflect.Method.invoke(Method.java:497) ~[na:1.8.0_73]
	at org.springframework.web.method.support.InvocableHandlerMethod.doInvoke(InvocableHandlerMethod.java:205) ~[spring-web-5.3.30.jar:5.3.30]
	at org.springframework.web.method.support.InvocableHandlerMethod.invokeForRequest(InvocableHandlerMethod.java:150) ~[spring-web-5.3.30.jar:5.3.30]
	at org.springframework.web.servlet.mvc.method.annotation.ServletInvocableHandlerMethod.invokeAndHandle(ServletInvocableHandlerMethod.java:117) ~[spring-webmvc-5.3.30.jar:5.3.30]
	at org.springframework.web.servlet.mvc.method.annotation.RequestMappingHandlerAdapter.invokeHandlerMethod(RequestMappingHandlerAdapter.java:895) ~[spring-webmvc-5.3.30.jar:5.3.30]
	at org.springframework.web.servlet.mvc.method.annotation.RequestMappingHandlerAdapter.handleInternal(RequestMappingHandlerAdapter.java:808) ~[spring-webmvc-5.3.30.jar:5.3.30]
	at org.springframework.web.servlet.mvc.method.AbstractHandlerMethodAdapter.handle(AbstractHandlerMethodAdapter.java:87) ~[spring-webmvc-5.3.30.jar:5.3.30]
	at org.springframework.web.servlet.DispatcherServlet.doDispatch(DispatcherServlet.java:1072) ~[spring-webmvc-5.3.30.jar:5.3.30]
	at org.springframework.web.servlet.DispatcherServlet.doService(DispatcherServlet.java:965) ~[spring-webmvc-5.3.30.jar:5.3.30]
	at org.springframework.web.servlet.FrameworkServlet.processRequest(FrameworkServlet.java:1006) [spring-webmvc-5.3.30.jar:5.3.30]
	at org.springframework.web.servlet.FrameworkServlet.doPut(FrameworkServlet.java:920) [spring-webmvc-5.3.30.jar:5.3.30]
	at javax.servlet.http.HttpServlet.service(HttpServlet.java:668) [javax.servlet-api-4.0.1.jar:4.0.1]
	at org.springframework.web.servlet.FrameworkServlet.service(FrameworkServlet.java:883) [spring-webmvc-5.3.30.jar:5.3.30]
	at javax.servlet.http.HttpServlet.service(HttpServlet.java:750) [javax.servlet-api-4.0.1.jar:4.0.1]
	at io.undertow.servlet.handlers.ServletHandler.handleRequest(ServletHandler.java:74) [undertow-servlet-2.2.26.Final.jar:2.2.26.Final]
	at io.undertow.servlet.handlers.FilterHandler$FilterChainImpl.doFilter(FilterHandler.java:129) [undertow-servlet-2.2.26.Final.jar:2.2.26.Final]
	at org.springframework.security.web.FilterChainProxy$VirtualFilterChain.doFilter(FilterChainProxy.java:337) [spring-security-web-5.7.11.jar:5.7.11]
	at org.springframework.security.web.access.intercept.FilterSecurityInterceptor.invoke(FilterSecurityInterceptor.java:115) [spring-security-web-5.7.11.jar:5.7.11]
	at org.springframework.security.web.access.intercept.FilterSecurityInterceptor.doFilter(FilterSecurityInterceptor.java:81) [spring-security-web-5.7.11.jar:5.7.11]
	at org.springframework.security.web.FilterChainProxy$VirtualFilterChain.doFilter(FilterChainProxy.java:346) [spring-security-web-5.7.11.jar:5.7.11]
	at org.springframework.security.web.access.ExceptionTranslationFilter.doFilter(ExceptionTranslationFilter.java:122) [spring-security-web-5.7.11.jar:5.7.11]
	at org.springframework.security.web.access.ExceptionTranslationFilter.doFilter(ExceptionTranslationFilter.java:116) [spring-security-web-5.7.11.jar:5.7.11]
	at org.springframework.security.web.FilterChainProxy$VirtualFilterChain.doFilter(FilterChainProxy.java:346) [spring-security-web-5.7.11.jar:5.7.11]
	at org.springframework.security.web.session.SessionManagementFilter.doFilter(SessionManagementFilter.java:126) [spring-security-web-5.7.11.jar:5.7.11]
	at org.springframework.security.web.session.SessionManagementFilter.doFilter(SessionManagementFilter.java:81) [spring-security-web-5.7.11.jar:5.7.11]
	at org.springframework.security.web.FilterChainProxy$VirtualFilterChain.doFilter(FilterChainProxy.java:346) [spring-security-web-5.7.11.jar:5.7.11]
	at org.springframework.security.web.authentication.AnonymousAuthenticationFilter.doFilter(AnonymousAuthenticationFilter.java:109) [spring-security-web-5.7.11.jar:5.7.11]
	at org.springframework.security.web.FilterChainProxy$VirtualFilterChain.doFilter(FilterChainProxy.java:346) [spring-security-web-5.7.11.jar:5.7.11]
	at org.springframework.security.web.servletapi.SecurityContextHolderAwareRequestFilter.doFilter(SecurityContextHolderAwareRequestFilter.java:149) [spring-security-web-5.7.11.jar:5.7.11]
	at org.springframework.security.web.FilterChainProxy$VirtualFilterChain.doFilter(FilterChainProxy.java:346) [spring-security-web-5.7.11.jar:5.7.11]
	at org.springframework.security.web.savedrequest.RequestCacheAwareFilter.doFilter(RequestCacheAwareFilter.java:63) [spring-security-web-5.7.11.jar:5.7.11]
	at org.springframework.security.web.FilterChainProxy$VirtualFilterChain.doFilter(FilterChainProxy.java:346) [spring-security-web-5.7.11.jar:5.7.11]
	at org.springframework.security.oauth2.server.resource.web.BearerTokenAuthenticationFilter.doFilterInternal(BearerTokenAuthenticationFilter.java:142) [spring-security-oauth2-resource-server-5.7.11.jar:5.7.11]
	at org.springframework.web.filter.OncePerRequestFilter.doFilter(OncePerRequestFilter.java:117) [spring-web-5.3.30.jar:5.3.30]
	at org.springframework.security.web.FilterChainProxy$VirtualFilterChain.doFilter(FilterChainProxy.java:346) [spring-security-web-5.7.11.jar:5.7.11]
	at org.springframework.security.web.authentication.logout.LogoutFilter.doFilter(LogoutFilter.java:103) [spring-security-web-5.7.11.jar:5.7.11]
	at org.springframework.security.web.authentication.logout.LogoutFilter.doFilter(LogoutFilter.java:89) [spring-security-web-5.7.11.jar:5.7.11]
	at org.springframework.security.web.FilterChainProxy$VirtualFilterChain.doFilter(FilterChainProxy.java:346) [spring-security-web-5.7.11.jar:5.7.11]
	at org.springframework.security.web.header.HeaderWriterFilter.doHeadersAfter(HeaderWriterFilter.java:90) [spring-security-web-5.7.11.jar:5.7.11]
	at org.springframework.security.web.header.HeaderWriterFilter.doFilterInternal(HeaderWriterFilter.java:75) [spring-security-web-5.7.11.jar:5.7.11]
	at org.springframework.web.filter.OncePerRequestFilter.doFilter(OncePerRequestFilter.java:117) [spring-web-5.3.30.jar:5.3.30]
	at org.springframework.security.web.FilterChainProxy$VirtualFilterChain.doFilter(FilterChainProxy.java:346) [spring-security-web-5.7.11.jar:5.7.11]
	at org.springframework.security.web.context.SecurityContextPersistenceFilter.doFilter(SecurityContextPersistenceFilter.java:112) [spring-security-web-5.7.11.jar:5.7.11]
	at org.springframework.security.web.context.SecurityContextPersistenceFilter.doFilter(SecurityContextPersistenceFilter.java:82) [spring-security-web-5.7.11.jar:5.7.11]
	at org.springframework.security.web.FilterChainProxy$VirtualFilterChain.doFilter(FilterChainProxy.java:346) [spring-security-web-5.7.11.jar:5.7.11]
	at org.springframework.security.web.context.request.async.WebAsyncManagerIntegrationFilter.doFilterInternal(WebAsyncManagerIntegrationFilter.java:55) [spring-security-web-5.7.11.jar:5.7.11]
	at org.springframework.web.filter.OncePerRequestFilter.doFilter(OncePerRequestFilter.java:117) [spring-web-5.3.30.jar:5.3.30]
	at org.springframework.security.web.FilterChainProxy$VirtualFilterChain.doFilter(FilterChainProxy.java:346) [spring-security-web-5.7.11.jar:5.7.11]
	at org.springframework.security.web.session.DisableEncodeUrlFilter.doFilterInternal(DisableEncodeUrlFilter.java:42) [spring-security-web-5.7.11.jar:5.7.11]
	at org.springframework.web.filter.OncePerRequestFilter.doFilter(OncePerRequestFilter.java:117) [spring-web-5.3.30.jar:5.3.30]
	at org.springframework.security.web.FilterChainProxy$VirtualFilterChain.doFilter(FilterChainProxy.java:346) [spring-security-web-5.7.11.jar:5.7.11]
	at org.springframework.security.web.FilterChainProxy.doFilterInternal(FilterChainProxy.java:221) [spring-security-web-5.7.11.jar:5.7.11]
	at org.springframework.security.web.FilterChainProxy.doFilter(FilterChainProxy.java:186) [spring-security-web-5.7.11.jar:5.7.11]
	at org.springframework.web.filter.DelegatingFilterProxy.invokeDelegate(DelegatingFilterProxy.java:354) [spring-web-5.3.30.jar:5.3.30]
	at org.springframework.web.filter.DelegatingFilterProxy.doFilter(DelegatingFilterProxy.java:267) [spring-web-5.3.30.jar:5.3.30]
	at io.undertow.servlet.core.ManagedFilter.doFilter(ManagedFilter.java:67) [undertow-servlet-2.2.26.Final.jar:2.2.26.Final]
	at io.undertow.servlet.handlers.FilterHandler$FilterChainImpl.doFilter(FilterHandler.java:131) [undertow-servlet-2.2.26.Final.jar:2.2.26.Final]
	at org.springframework.web.filter.RequestContextFilter.doFilterInternal(RequestContextFilter.java:100) [spring-web-5.3.30.jar:5.3.30]
	at org.springframework.web.filter.OncePerRequestFilter.doFilter(OncePerRequestFilter.java:117) [spring-web-5.3.30.jar:5.3.30]
	at io.undertow.servlet.core.ManagedFilter.doFilter(ManagedFilter.java:67) [undertow-servlet-2.2.26.Final.jar:2.2.26.Final]
	at io.undertow.servlet.handlers.FilterHandler$FilterChainImpl.doFilter(FilterHandler.java:131) [undertow-servlet-2.2.26.Final.jar:2.2.26.Final]
	at org.springframework.web.filter.FormContentFilter.doFilterInternal(FormContentFilter.java:93) [spring-web-5.3.30.jar:5.3.30]
	at org.springframework.web.filter.OncePerRequestFilter.doFilter(OncePerRequestFilter.java:117) [spring-web-5.3.30.jar:5.3.30]
	at io.undertow.servlet.core.ManagedFilter.doFilter(ManagedFilter.java:67) [undertow-servlet-2.2.26.Final.jar:2.2.26.Final]
	at io.undertow.servlet.handlers.FilterHandler$FilterChainImpl.doFilter(FilterHandler.java:131) [undertow-servlet-2.2.26.Final.jar:2.2.26.Final]
	at org.springframework.boot.actuate.metrics.web.servlet.WebMvcMetricsFilter.doFilterInternal(WebMvcMetricsFilter.java:96) [spring-boot-actuator-2.7.16.jar:2.7.16]
	at org.springframework.web.filter.OncePerRequestFilter.doFilter(OncePerRequestFilter.java:117) [spring-web-5.3.30.jar:5.3.30]
	at io.undertow.servlet.core.ManagedFilter.doFilter(ManagedFilter.java:67) [undertow-servlet-2.2.26.Final.jar:2.2.26.Final]
	at io.undertow.servlet.handlers.FilterHandler$FilterChainImpl.doFilter(FilterHandler.java:131) [undertow-servlet-2.2.26.Final.jar:2.2.26.Final]
	at org.springframework.web.filter.CharacterEncodingFilter.doFilterInternal(CharacterEncodingFilter.java:201) [spring-web-5.3.30.jar:5.3.30]
	at org.springframework.web.filter.OncePerRequestFilter.doFilter(OncePerRequestFilter.java:117) [spring-web-5.3.30.jar:5.3.30]
	at io.undertow.servlet.core.ManagedFilter.doFilter(ManagedFilter.java:67) [undertow-servlet-2.2.26.Final.jar:2.2.26.Final]
	at io.undertow.servlet.handlers.FilterHandler$FilterChainImpl.doFilter(FilterHandler.java:131) [undertow-servlet-2.2.26.Final.jar:2.2.26.Final]
	at io.undertow.servlet.handlers.FilterHandler.handleRequest(FilterHandler.java:84) [undertow-servlet-2.2.26.Final.jar:2.2.26.Final]
	at io.undertow.servlet.handlers.security.ServletSecurityRoleHandler.handleRequest(ServletSecurityRoleHandler.java:62) [undertow-servlet-2.2.26.Final.jar:2.2.26.Final]
	at io.undertow.servlet.handlers.ServletChain$1.handleRequest(ServletChain.java:68) [undertow-servlet-2.2.26.Final.jar:2.2.26.Final]
	at io.undertow.servlet.handlers.ServletDispatchingHandler.handleRequest(ServletDispatchingHandler.java:36) [undertow-servlet-2.2.26.Final.jar:2.2.26.Final]
	at io.undertow.servlet.handlers.RedirectDirHandler.handleRequest(RedirectDirHandler.java:68) [undertow-servlet-2.2.26.Final.jar:2.2.26.Final]
	at io.undertow.servlet.handlers.security.SSLInformationAssociationHandler.handleRequest(SSLInformationAssociationHandler.java:117) [undertow-servlet-2.2.26.Final.jar:2.2.26.Final]
	at io.undertow.servlet.handlers.security.ServletAuthenticationCallHandler.handleRequest(ServletAuthenticationCallHandler.java:57) [undertow-servlet-2.2.26.Final.jar:2.2.26.Final]
	at io.undertow.server.handlers.PredicateHandler.handleRequest(PredicateHandler.java:43) [undertow-core-2.2.26.Final.jar:2.2.26.Final]
	at io.undertow.security.handlers.AbstractConfidentialityHandler.handleRequest(AbstractConfidentialityHandler.java:46) [undertow-core-2.2.26.Final.jar:2.2.26.Final]
	at io.undertow.servlet.handlers.security.ServletConfidentialityConstraintHandler.handleRequest(ServletConfidentialityConstraintHandler.java:64) [undertow-servlet-2.2.26.Final.jar:2.2.26.Final]
	at io.undertow.security.handlers.AuthenticationMechanismsHandler.handleRequest(AuthenticationMechanismsHandler.java:60) [undertow-core-2.2.26.Final.jar:2.2.26.Final]
	at io.undertow.servlet.handlers.security.CachedAuthenticatedSessionHandler.handleRequest(CachedAuthenticatedSessionHandler.java:77) [undertow-servlet-2.2.26.Final.jar:2.2.26.Final]
	at io.undertow.security.handlers.AbstractSecurityContextAssociationHandler.handleRequest(AbstractSecurityContextAssociationHandler.java:43) [undertow-core-2.2.26.Final.jar:2.2.26.Final]
	at io.undertow.server.handlers.PredicateHandler.handleRequest(PredicateHandler.java:43) [undertow-core-2.2.26.Final.jar:2.2.26.Final]
	at io.undertow.servlet.handlers.SendErrorPageHandler.handleRequest(SendErrorPageHandler.java:52) [undertow-servlet-2.2.26.Final.jar:2.2.26.Final]
	at io.undertow.server.handlers.PredicateHandler.handleRequest(PredicateHandler.java:43) [undertow-core-2.2.26.Final.jar:2.2.26.Final]
	at io.undertow.servlet.handlers.ServletInitialHandler.handleFirstRequest(ServletInitialHandler.java:275) [undertow-servlet-2.2.26.Final.jar:2.2.26.Final]
	at io.undertow.servlet.handlers.ServletInitialHandler.access$100(ServletInitialHandler.java:79) [undertow-servlet-2.2.26.Final.jar:2.2.26.Final]
	at io.undertow.servlet.handlers.ServletInitialHandler$2.call(ServletInitialHandler.java:134) [undertow-servlet-2.2.26.Final.jar:2.2.26.Final]
	at io.undertow.servlet.handlers.ServletInitialHandler$2.call(ServletInitialHandler.java:131) [undertow-servlet-2.2.26.Final.jar:2.2.26.Final]
	at io.undertow.servlet.core.ServletRequestContextThreadSetupAction$1.call(ServletRequestContextThreadSetupAction.java:48) [undertow-servlet-2.2.26.Final.jar:2.2.26.Final]
	at io.undertow.servlet.core.ContextClassLoaderSetupAction$1.call(ContextClassLoaderSetupAction.java:43) [undertow-servlet-2.2.26.Final.jar:2.2.26.Final]
	at io.undertow.servlet.handlers.ServletInitialHandler.dispatchRequest(ServletInitialHandler.java:255) [undertow-servlet-2.2.26.Final.jar:2.2.26.Final]
	at io.undertow.servlet.handlers.ServletInitialHandler.access$000(ServletInitialHandler.java:79) [undertow-servlet-2.2.26.Final.jar:2.2.26.Final]
	at io.undertow.servlet.handlers.ServletInitialHandler$1.handleRequest(ServletInitialHandler.java:100) [undertow-servlet-2.2.26.Final.jar:2.2.26.Final]
	at io.undertow.server.Connectors.executeRootHandler(Connectors.java:393) [undertow-core-2.2.26.Final.jar:2.2.26.Final]
	at io.undertow.server.HttpServerExchange$1.run(HttpServerExchange.java:852) [undertow-core-2.2.26.Final.jar:2.2.26.Final]
	at org.jboss.threads.ContextClassLoaderSavingRunnable.run(ContextClassLoaderSavingRunnable.java:35) [jboss-threads-3.1.0.Final.jar:3.1.0.Final]
	at org.jboss.threads.EnhancedQueueExecutor.safeRun(EnhancedQueueExecutor.java:2019) [jboss-threads-3.1.0.Final.jar:3.1.0.Final]
	at org.jboss.threads.EnhancedQueueExecutor$ThreadBody.doRunTask(EnhancedQueueExecutor.java:1558) [jboss-threads-3.1.0.Final.jar:3.1.0.Final]
	at org.jboss.threads.EnhancedQueueExecutor$ThreadBody.run(EnhancedQueueExecutor.java:1423) [jboss-threads-3.1.0.Final.jar:3.1.0.Final]
	at org.xnio.XnioWorker$WorkerThreadFactory$1$1.run(XnioWorker.java:1282) [xnio-api-3.8.7.Final.jar:3.8.7.Final]
	at java.lang.Thread.run(Thread.java:745) [na:1.8.0_73]
Caused by: java.lang.reflect.InvocationTargetException: null
	at sun.reflect.NativeMethodAccessorImpl.invoke0(Native Method) ~[na:1.8.0_73]
	at sun.reflect.NativeMethodAccessorImpl.invoke(NativeMethodAccessorImpl.java:62) ~[na:1.8.0_73]
	at sun.reflect.DelegatingMethodAccessorImpl.invoke(DelegatingMethodAccessorImpl.java:43) ~[na:1.8.0_73]
	at java.lang.reflect.Method.invoke(Method.java:497) ~[na:1.8.0_73]
	at org.dromara.easyes.core.proxy.EsMapperProxy.invoke(EsMapperProxy.java:28) ~[easy-es-core-2.0.0-beta4.jar:2.0.0-beta4]
	... 133 common frames omitted
Caused by: org.elasticsearch.ElasticsearchStatusException: Elasticsearch exception [type=document_missing_exception, reason=[_doc][1714228319915982849]: document missing]
	at org.elasticsearch.rest.BytesRestResponse.errorFromXContent(BytesRestResponse.java:176) ~[elasticsearch-7.14.0.jar:7.14.0]
	at org.elasticsearch.client.RestHighLevelClient.parseEntity(RestHighLevelClient.java:2011) ~[elasticsearch-rest-high-level-client-7.14.0.jar:7.14.0]
	at org.elasticsearch.client.RestHighLevelClient.parseResponseException(RestHighLevelClient.java:1988) ~[elasticsearch-rest-high-level-client-7.14.0.jar:7.14.0]
	at org.elasticsearch.client.RestHighLevelClient.internalPerformRequest(RestHighLevelClient.java:1745) ~[elasticsearch-rest-high-level-client-7.14.0.jar:7.14.0]
	at org.elasticsearch.client.RestHighLevelClient.performRequest(RestHighLevelClient.java:1702) ~[elasticsearch-rest-high-level-client-7.14.0.jar:7.14.0]
	at org.elasticsearch.client.RestHighLevelClient.performRequestAndParseEntity(RestHighLevelClient.java:1672) ~[elasticsearch-rest-high-level-client-7.14.0.jar:7.14.0]
	at org.elasticsearch.client.RestHighLevelClient.update(RestHighLevelClient.java:1079) ~[elasticsearch-rest-high-level-client-7.14.0.jar:7.14.0]
	at org.dromara.easyes.core.core.BaseEsMapperImpl.doUpdateById(BaseEsMapperImpl.java:709) ~[easy-es-core-2.0.0-beta4.jar:2.0.0-beta4]
	at org.dromara.easyes.core.core.BaseEsMapperImpl.lambda$updateById$13(BaseEsMapperImpl.java:425) ~[easy-es-core-2.0.0-beta4.jar:2.0.0-beta4]
	at java.util.stream.ReferencePipeline$4$1.accept(ReferencePipeline.java:210) ~[na:1.8.0_73]
	at java.util.Spliterators$ArraySpliterator.forEachRemaining(Spliterators.java:948) ~[na:1.8.0_73]
	at java.util.stream.AbstractPipeline.copyInto(AbstractPipeline.java:481) ~[na:1.8.0_73]
	at java.util.stream.AbstractPipeline.wrapAndCopyInto(AbstractPipeline.java:471) ~[na:1.8.0_73]
	at java.util.stream.ReduceOps$ReduceOp.evaluateSequential(ReduceOps.java:708) ~[na:1.8.0_73]
	at java.util.stream.AbstractPipeline.evaluate(AbstractPipeline.java:234) ~[na:1.8.0_73]
	at java.util.stream.IntPipeline.reduce(IntPipeline.java:456) ~[na:1.8.0_73]
	at java.util.stream.IntPipeline.sum(IntPipeline.java:414) ~[na:1.8.0_73]
	at org.dromara.easyes.core.core.BaseEsMapperImpl.updateById(BaseEsMapperImpl.java:426) ~[easy-es-core-2.0.0-beta4.jar:2.0.0-beta4]
	at org.dromara.easyes.core.core.BaseEsMapperImpl.updateById(BaseEsMapperImpl.java:413) ~[easy-es-core-2.0.0-beta4.jar:2.0.0-beta4]
	... 138 common frames omitted
	Suppressed: org.elasticsearch.client.ResponseException: method [POST], host [http://172.16.3.205:9200], URI [/zcwbook/_update/1714228319915982849?timeout=1m], status line [HTTP/1.1 404 Not Found]
{"error":{"root_cause":[{"type":"document_missing_exception","reason":"[_doc][1714228319915982849]: document missing","index_uuid":"lTwXr2z8T9ONoTR0fUTNUg","shard":"0","index":"zcwbook"}],"type":"document_missing_exception","reason":"[_doc][1714228319915982849]: document missing","index_uuid":"lTwXr2z8T9ONoTR0fUTNUg","shard":"0","index":"zcwbook"},"status":404}
		at org.elasticsearch.client.RestClient.convertResponse(RestClient.java:326) ~[elasticsearch-rest-client-7.14.0.jar:7.14.0]
		at org.elasticsearch.client.RestClient.performRequest(RestClient.java:296) ~[elasticsearch-rest-client-7.14.0.jar:7.14.0]
		at org.elasticsearch.client.RestClient.performRequest(RestClient.java:270) ~[elasticsearch-rest-client-7.14.0.jar:7.14.0]
		at org.elasticsearch.client.RestHighLevelClient.performClientRequest(RestHighLevelClient.java:2082) ~[elasticsearch-rest-high-level-client-7.14.0.jar:7.14.0]
		at org.elasticsearch.client.RestHighLevelClient.internalPerformRequest(RestHighLevelClient.java:1732) ~[elasticsearch-rest-high-level-client-7.14.0.jar:7.14.0]
		... 153 common frames omitted

